2024-01-06 18:26:21.326 [info] Log level: Info
2024-01-06 18:26:21.326 [info] Validating found git in: "git"
2024-01-06 18:26:21.326 [info] Using git "2.43.0" from "git"
2024-01-06 18:26:21.326 [info] > git rev-parse --show-toplevel [2ms]
2024-01-06 18:26:21.326 [info] > git rev-parse --git-dir --git-common-dir [3ms]
2024-01-06 18:26:21.326 [info] Open repository: /home/gf-hypr/Configuration
2024-01-06 18:26:21.326 [info] > git rev-parse --show-toplevel [1ms]
2024-01-06 18:26:21.327 [info] > git config --get commit.template [4ms]
2024-01-06 18:26:21.336 [info] > git rev-parse --git-dir --git-common-dir [4ms]
2024-01-06 18:26:21.337 [info] Open repository: /home/gf-hypr/Configuration/config
2024-01-06 18:26:21.347 [info] > git for-each-ref --format=%(refname)%00%(upstream:short)%00%(objectname)%00%(upstream:track)%00%(upstream:remotename)%00%(upstream:remoteref) refs/heads/master refs/remotes/master [12ms]
2024-01-06 18:26:21.355 [warning] ENOENT: no such file or directory, open '/home/gf-hypr/Configuration/.git/refs/remotes/origin/master'
2024-01-06 18:26:21.355 [info] > git rev-parse --show-toplevel [8ms]
2024-01-06 18:26:21.355 [info] > git config --get commit.template [13ms]
2024-01-06 18:26:21.360 [info] > git rev-parse refs/remotes/origin/master [5ms]
2024-01-06 18:26:21.370 [info] > git status -z -uall [5ms]
2024-01-06 18:26:21.370 [info] > git rev-parse --show-toplevel [10ms]
2024-01-06 18:26:21.383 [info] > git rev-parse --show-toplevel [8ms]
2024-01-06 18:26:21.383 [info] > git for-each-ref --format=%(refname)%00%(upstream:short)%00%(objectname)%00%(upstream:track)%00%(upstream:remotename)%00%(upstream:remoteref) refs/heads/main refs/remotes/main [13ms]
2024-01-06 18:26:21.391 [warning] ENOENT: no such file or directory, open '/home/gf-hypr/Configuration/config/.git/refs/remotes/origin/main'
2024-01-06 18:26:21.392 [info] > git config --get commit.template [9ms]
2024-01-06 18:26:21.392 [info] > git rev-parse refs/remotes/origin/main [1ms]
2024-01-06 18:26:21.396 [info] > git rev-parse --show-toplevel [9ms]
2024-01-06 18:26:21.401 [info] > git for-each-ref --format=%(refname)%00%(upstream:short)%00%(objectname)%00%(upstream:track)%00%(upstream:remotename)%00%(upstream:remoteref) refs/heads/master refs/remotes/master [1ms]
2024-01-06 18:26:21.434 [warning] ENOENT: no such file or directory, open '/home/gf-hypr/Configuration/.git/refs/remotes/origin/master'
2024-01-06 18:26:21.438 [info] > git status -z -uall [42ms]
2024-01-06 18:26:21.438 [info] > git rev-parse refs/remotes/origin/master [4ms]
2024-01-06 18:26:21.494 [info] > git status -z -uall [52ms]
2024-01-06 18:26:21.496 [info] > git config --get commit.template [3ms]
2024-01-06 18:26:21.504 [info] > git for-each-ref --format=%(refname)%00%(upstream:short)%00%(objectname)%00%(upstream:track)%00%(upstream:remotename)%00%(upstream:remoteref) refs/heads/main refs/remotes/main [2ms]
2024-01-06 18:26:21.507 [warning] ENOENT: no such file or directory, open '/home/gf-hypr/Configuration/config/.git/refs/remotes/origin/main'
2024-01-06 18:26:21.508 [info] > git rev-parse refs/remotes/origin/main [1ms]
2024-01-06 18:26:21.531 [info] > git status -z -uall [19ms]
2024-01-06 18:26:21.845 [info] > git show --textconv :10-ignores.sh [5ms]
2024-01-06 18:26:21.852 [info] > git show --textconv :99-unsorted.sh [4ms]
2024-01-06 18:26:21.853 [info] > git ls-files --stage -- /home/gf-hypr/Configuration/config/10-ignores.sh [9ms]
2024-01-06 18:26:21.853 [info] > git ls-files --stage -- /home/gf-hypr/Configuration/config/99-unsorted.sh [1ms]
2024-01-06 18:26:21.893 [info] > git check-ignore -v -z --stdin [5ms]
2024-01-06 18:26:21.894 [info] > git check-ignore -v -z --stdin [2ms]
