2024-01-06 18:26:39.993 [info] Extension host with pid 208759 started
2024-01-06 18:26:39.993 [info] Skipping acquiring lock for /home/gf-hypr/.config/Code - OSS/User/workspaceStorage/049252ecc98c3e178780bdc4477d3f49.
2024-01-06 18:26:40.085 [info] ExtensionService#_doActivateExtension vscode.emmet, startup: false, activationEvent: 'onLanguage'
2024-01-06 18:26:40.126 [info] ExtensionService#_doActivateExtension vscode.git-base, startup: true, activationEvent: '*', root cause: vscode.git
2024-01-06 18:26:40.133 [info] ExtensionService#_doActivateExtension vscode.git, startup: true, activationEvent: '*'
2024-01-06 18:26:40.171 [info] ExtensionService#_doActivateExtension vscode.github, startup: true, activationEvent: '*'
2024-01-06 18:26:40.206 [info] Eager extensions activated
2024-01-06 18:26:40.239 [info] ExtensionService#_doActivateExtension vscode.debug-auto-launch, startup: false, activationEvent: 'onStartupFinished'
2024-01-06 18:26:40.240 [info] ExtensionService#_doActivateExtension vscode.merge-conflict, startup: false, activationEvent: 'onStartupFinished'
2024-01-06 18:26:40.334 [info] ExtensionService#_doActivateExtension vscode.github-authentication, startup: false, activationEvent: 'onAuthenticationRequest:github'
2024-01-06 18:26:40.408 [warning] [Decorations] CAPPING events from decorations provider vscode.git 5941
2024-01-06 18:26:40.671 [warning] [Decorations] CAPPING events from decorations provider vscode.git 5941
2024-01-06 18:27:02.379 [warning] [Decorations] CAPPING events from decorations provider vscode.git 5941
2024-01-06 18:27:09.997 [warning] [Decorations] CAPPING events from decorations provider vscode.git 5941
2024-01-06 18:28:25.391 [warning] [Decorations] CAPPING events from decorations provider vscode.git 5941
2024-01-06 18:31:59.860 [warning] [Decorations] CAPPING events from decorations provider vscode.git 5941
2024-01-06 18:33:46.938 [warning] [Decorations] CAPPING events from decorations provider vscode.git 5941
2024-01-06 18:45:38.535 [info] ExtensionService#_doActivateExtension vscode.npm, startup: false, activationEvent: 'onTerminalQuickFixRequest:ms-vscode.npm-command'
2024-01-06 18:49:46.705 [warning] [Decorations] CAPPING events from decorations provider vscode.git 5941
2024-01-06 18:50:21.771 [warning] [Decorations] CAPPING events from decorations provider vscode.git 5941
2024-01-06 18:52:31.031 [warning] [Decorations] CAPPING events from decorations provider vscode.git 5941
