2024-03-10 15:38:58.686 [info] Added views:workbench.panel.markers.view in workbench.panel.markers
2024-03-10 15:38:58.686 [info] Added views:workbench.panel.output in workbench.panel.output
2024-03-10 15:38:58.686 [info] Added views:terminal in terminal
2024-03-10 15:38:58.686 [info] Added views:outline in workbench.view.explorer
2024-03-10 15:38:58.686 [info] Added views:workbench.scm in workbench.view.scm
2024-03-10 15:38:58.686 [info] Added views:workbench.view.search in workbench.view.search
2024-03-10 15:38:58.686 [info] Added views:timeline in workbench.view.explorer
2024-03-10 15:38:58.686 [info] Added views:workbench.explorer.emptyView in workbench.view.explorer
2024-03-10 15:38:58.741 [info] Added views:workbench.debug.welcome in workbench.view.debug
2024-03-10 15:38:59.039 [info] Added views:~remote.forwardedPorts in ~remote.forwardedPortsContainer
2024-03-10 15:38:59.088 [info] Added views:workbench.panel.repl.view in workbench.panel.repl
2024-03-10 15:39:13.554 [info] Added views:workbench.panel.markers.view in workbench.panel.markers
2024-03-10 15:39:13.554 [info] Added views:workbench.panel.output in workbench.panel.output
2024-03-10 15:39:13.554 [info] Added views:terminal in terminal
2024-03-10 15:39:13.554 [info] Added views:outline in workbench.view.explorer
2024-03-10 15:39:13.554 [info] Added views:workbench.scm in workbench.view.scm
2024-03-10 15:39:13.554 [info] Added views:workbench.view.search in workbench.view.search
2024-03-10 15:39:13.554 [info] Added views:timeline in workbench.view.explorer
2024-03-10 15:39:13.554 [info] Added views:workbench.explorer.fileView in workbench.view.explorer
2024-03-10 15:39:13.586 [info] Added views:workbench.debug.variablesView,workbench.debug.watchExpressionsView,workbench.debug.callStackView,workbench.debug.breakPointsView in workbench.view.debug
2024-03-10 15:39:13.704 [info] Added views:~remote.forwardedPorts in ~remote.forwardedPortsContainer
2024-03-10 15:39:13.815 [info] Added views:workbench.panel.repl.view in workbench.panel.repl
2024-03-10 15:39:13.816 [info] Removed views:workbench.debug.breakPointsView,workbench.debug.callStackView,workbench.debug.watchExpressionsView,workbench.debug.variablesView from workbench.view.debug
2024-03-10 15:39:13.816 [info] Added views:workbench.debug.welcome in workbench.view.debug
2024-03-10 15:39:36.101 [info] Removed views:workbench.panel.repl.view from workbench.panel.repl
2024-03-10 15:39:36.198 [info] Added views:workbench.panel.repl.view in workbench.panel.repl
