2024-03-10 15:39:19.987 [info] Log level: Info
2024-03-10 15:39:19.987 [info] Validating found git in: "git"
2024-03-10 15:39:19.987 [info] Using git "2.44.0" from "git"
2024-03-10 15:39:19.987 [info] > git rev-parse --show-toplevel [2ms]
2024-03-10 15:39:19.987 [info] fatal: not a git repository (or any parent up to mount point /)
Stopping at filesystem boundary (GIT_DISCOVERY_ACROSS_FILESYSTEM not set).
2024-03-10 15:39:19.988 [info] > git rev-parse --show-toplevel [1ms]
2024-03-10 15:39:19.988 [info] fatal: not a git repository (or any parent up to mount point /)
Stopping at filesystem boundary (GIT_DISCOVERY_ACROSS_FILESYSTEM not set).
2024-03-10 15:39:19.993 [info] > git rev-parse --show-toplevel [1ms]
2024-03-10 15:39:19.993 [info] fatal: not a git repository (or any parent up to mount point /)
Stopping at filesystem boundary (GIT_DISCOVERY_ACROSS_FILESYSTEM not set).
2024-03-10 15:39:19.999 [info] > git rev-parse --show-toplevel [1ms]
2024-03-10 15:39:19.999 [info] fatal: not a git repository (or any parent up to mount point /)
Stopping at filesystem boundary (GIT_DISCOVERY_ACROSS_FILESYSTEM not set).
2024-03-10 15:39:20.005 [info] > git rev-parse --show-toplevel [0ms]
2024-03-10 15:39:20.005 [info] fatal: not a git repository (or any parent up to mount point /)
Stopping at filesystem boundary (GIT_DISCOVERY_ACROSS_FILESYSTEM not set).
2024-03-10 15:39:36.469 [info] Log level: Info
2024-03-10 15:39:36.469 [info] Validating found git in: "git"
2024-03-10 15:39:36.469 [info] Using git "2.44.0" from "git"
2024-03-10 15:39:36.469 [info] > git rev-parse --show-toplevel [2ms]
2024-03-10 15:39:36.470 [info] fatal: not a git repository (or any parent up to mount point /)
Stopping at filesystem boundary (GIT_DISCOVERY_ACROSS_FILESYSTEM not set).
2024-03-10 15:39:36.477 [info] > git rev-parse --show-toplevel [2ms]
2024-03-10 15:39:36.477 [info] fatal: not a git repository (or any parent up to mount point /)
Stopping at filesystem boundary (GIT_DISCOVERY_ACROSS_FILESYSTEM not set).
2024-03-10 15:39:36.483 [info] > git rev-parse --show-toplevel [1ms]
2024-03-10 15:39:36.483 [info] fatal: not a git repository (or any parent up to mount point /)
Stopping at filesystem boundary (GIT_DISCOVERY_ACROSS_FILESYSTEM not set).
2024-03-10 15:39:36.488 [info] > git rev-parse --show-toplevel [1ms]
2024-03-10 15:39:36.488 [info] fatal: not a git repository (or any parent up to mount point /)
Stopping at filesystem boundary (GIT_DISCOVERY_ACROSS_FILESYSTEM not set).
2024-03-10 15:39:36.493 [info] > git rev-parse --show-toplevel [1ms]
2024-03-10 15:39:36.493 [info] fatal: not a git repository (or any parent up to mount point /)
Stopping at filesystem boundary (GIT_DISCOVERY_ACROSS_FILESYSTEM not set).
2024-03-10 15:39:36.498 [info] > git rev-parse --show-toplevel [1ms]
2024-03-10 15:39:36.498 [info] fatal: not a git repository (or any parent up to mount point /)
Stopping at filesystem boundary (GIT_DISCOVERY_ACROSS_FILESYSTEM not set).
2024-03-10 15:39:36.503 [info] > git rev-parse --show-toplevel [1ms]
2024-03-10 15:39:36.503 [info] fatal: not a git repository (or any parent up to mount point /)
Stopping at filesystem boundary (GIT_DISCOVERY_ACROSS_FILESYSTEM not set).
2024-03-10 15:40:56.530 [info] > git rev-parse --show-toplevel [1ms]
2024-03-10 15:40:56.530 [info] fatal: not a git repository (or any parent up to mount point /)
Stopping at filesystem boundary (GIT_DISCOVERY_ACROSS_FILESYSTEM not set).
2024-03-10 15:44:14.416 [info] > git rev-parse --show-toplevel [1ms]
2024-03-10 15:44:14.416 [info] fatal: not a git repository (or any parent up to mount point /)
Stopping at filesystem boundary (GIT_DISCOVERY_ACROSS_FILESYSTEM not set).
2024-03-10 15:48:43.411 [info] > git rev-parse --show-toplevel [1ms]
2024-03-10 15:48:43.411 [info] fatal: not a git repository (or any parent up to mount point /)
Stopping at filesystem boundary (GIT_DISCOVERY_ACROSS_FILESYSTEM not set).
2024-03-10 15:51:15.022 [info] > git rev-parse --show-toplevel [1ms]
2024-03-10 15:51:15.022 [info] fatal: not a git repository (or any parent up to mount point /)
Stopping at filesystem boundary (GIT_DISCOVERY_ACROSS_FILESYSTEM not set).
2024-03-10 15:57:23.335 [info] > git rev-parse --show-toplevel [1ms]
2024-03-10 15:57:23.335 [info] fatal: not a git repository (or any parent up to mount point /)
Stopping at filesystem boundary (GIT_DISCOVERY_ACROSS_FILESYSTEM not set).
2024-03-10 15:59:09.576 [info] > git rev-parse --show-toplevel [1ms]
2024-03-10 15:59:09.576 [info] fatal: not a git repository (or any parent up to mount point /)
Stopping at filesystem boundary (GIT_DISCOVERY_ACROSS_FILESYSTEM not set).
2024-03-10 16:01:59.213 [info] > git rev-parse --show-toplevel [1ms]
2024-03-10 16:01:59.222 [info] > git rev-parse --git-dir --git-common-dir [1ms]
2024-03-10 16:01:59.228 [info] Open repository: /home/gf-hypr/src
2024-03-10 16:01:59.239 [info] > git config --get commit.template [5ms]
2024-03-10 16:01:59.239 [info] > git for-each-ref --format=%(refname)%00%(upstream:short)%00%(objectname)%00%(upstream:track)%00%(upstream:remotename)%00%(upstream:remoteref) refs/heads/master refs/remotes/master [1ms]
2024-03-10 16:01:59.239 [warning] No such branch: master.
2024-03-10 16:01:59.439 [info] > git status -z -uall [195ms] (cancelled)
2024-03-10 16:01:59.652 [info] > git show --textconv :kernel.c [5ms]
2024-03-10 16:01:59.653 [info] > git ls-files --stage -- /home/gf-hypr/src/kernel.c [2ms]
2024-03-10 16:01:59.768 [info] > git check-ignore -v -z --stdin [1ms]
2024-03-10 16:02:29.608 [info] > git ls-files --stage -- /home/gf-hypr/src/kernel.c [1ms]
2024-03-10 16:02:29.618 [info] > git show --textconv :kernel.c [1ms]
2024-03-10 16:32:56.951 [info] > git ls-files --stage -- /home/gf-hypr/src/kernel.c [9ms]
2024-03-10 16:32:56.956 [info] > git cat-file -s 8affa207ad60db0bf21257d5552e783d535b4abd [0ms]
2024-03-10 16:32:56.969 [info] > git show --textconv :kernel.c [6ms]
