2024-03-17 03:45:45.866 [info] Log level: Info
2024-03-17 03:45:45.866 [info] Validating found git in: "git"
2024-03-17 03:45:45.866 [info] Using git "2.44.0" from "git"
2024-03-17 03:45:45.866 [warning] Failed to get repository realpath for: "/home/gf-hypr/src". Error: ENOENT: no such file or directory, realpath '/home/gf-hypr/src'
2024-03-17 03:45:45.866 [warning] Failed to get repository realpath for: "/home/gf-hypr/opt". Error: ENOENT: no such file or directory, realpath '/home/gf-hypr/opt'
2024-03-17 03:45:45.895 [warning] Failed to get repository realpath for: "/home/gf-hypr/src". Error: ENOENT: no such file or directory, realpath '/home/gf-hypr/src'
2024-03-17 03:45:45.899 [warning] Failed to get repository realpath for: "/home/gf-hypr/opt". Error: ENOENT: no such file or directory, realpath '/home/gf-hypr/opt'
2024-03-17 03:46:42.570 [info] Log level: Info
2024-03-17 03:46:42.570 [info] Validating found git in: "git"
2024-03-17 03:46:42.570 [info] Using git "2.44.0" from "git"
2024-03-17 03:46:42.572 [info] > git rev-parse --show-toplevel [1ms]
2024-03-17 03:46:42.578 [info] > git rev-parse --git-dir --git-common-dir [0ms]
2024-03-17 03:46:42.583 [info] Open repository: /home/gf-hypr/.config
2024-03-17 03:46:42.592 [info] > git rev-parse --show-toplevel [1ms]
2024-03-17 03:46:42.592 [info] > git config --get commit.template [5ms]
2024-03-17 03:46:42.600 [info] > git rev-parse --show-toplevel [4ms]
2024-03-17 03:46:42.603 [info] > git for-each-ref --format=%(refname)%00%(upstream:short)%00%(objectname)%00%(upstream:track)%00%(upstream:remotename)%00%(upstream:remoteref) refs/heads/main refs/remotes/main [4ms]
2024-03-17 03:46:42.604 [info] > git rev-parse --show-toplevel [1ms]
2024-03-17 03:46:42.611 [info] > git rev-parse --show-toplevel [4ms]
2024-03-17 03:46:42.615 [info] > git rev-parse --show-toplevel [1ms]
2024-03-17 03:46:42.618 [info] > git rev-parse --show-toplevel [0ms]
2024-03-17 03:46:42.623 [info] > git rev-parse --show-toplevel [2ms]
2024-03-17 03:46:42.626 [info] > git rev-parse --show-toplevel [0ms]
2024-03-17 03:46:42.630 [info] > git rev-parse --show-toplevel [0ms]
2024-03-17 03:46:42.634 [info] > git rev-parse --show-toplevel [1ms]
2024-03-17 03:46:42.638 [info] > git status -z -uall [27ms]
2024-03-17 03:46:42.653 [info] > git rev-parse --show-toplevel [16ms]
2024-03-17 03:46:42.660 [info] > git rev-parse --show-toplevel [3ms]
2024-03-17 03:46:42.660 [info] > git config --get commit.template [7ms]
2024-03-17 03:46:42.667 [info] > git for-each-ref --format=%(refname)%00%(upstream:short)%00%(objectname)%00%(upstream:track)%00%(upstream:remotename)%00%(upstream:remoteref) refs/heads/main refs/remotes/main [3ms]
2024-03-17 03:46:42.732 [info] > git rev-parse --show-toplevel [65ms]
2024-03-17 03:46:42.741 [info] > git rev-parse --show-toplevel [4ms]
2024-03-17 03:46:42.746 [info] > git rev-parse --show-toplevel [1ms]
2024-03-17 03:46:42.750 [info] > git rev-parse --show-toplevel [0ms]
2024-03-17 03:46:42.754 [info] > git status -z -uall [13ms]
2024-03-17 03:46:42.754 [info] > git rev-parse --show-toplevel [0ms]
2024-03-17 03:46:42.765 [info] > git rev-parse --show-toplevel [7ms]
2024-03-17 03:46:42.771 [info] > git rev-parse --show-toplevel [2ms]
2024-03-17 03:46:42.776 [info] > git rev-parse --show-toplevel [1ms]
2024-03-17 03:46:42.780 [info] > git rev-parse --show-toplevel [1ms]
2024-03-17 03:46:42.784 [info] > git rev-parse --show-toplevel [0ms]
2024-03-17 03:46:42.788 [info] > git rev-parse --show-toplevel [0ms]
2024-03-17 03:46:42.792 [info] > git rev-parse --show-toplevel [0ms]
2024-03-17 03:46:42.797 [info] > git rev-parse --show-toplevel [1ms]
2024-03-17 03:46:42.801 [info] > git rev-parse --show-toplevel [0ms]
2024-03-17 03:46:42.804 [info] > git rev-parse --show-toplevel [0ms]
2024-03-17 03:46:42.808 [info] > git rev-parse --show-toplevel [0ms]
2024-03-17 03:46:42.812 [info] > git rev-parse --show-toplevel [0ms]
2024-03-17 03:46:42.816 [info] > git rev-parse --show-toplevel [0ms]
2024-03-17 03:46:42.820 [info] > git rev-parse --show-toplevel [0ms]
2024-03-17 03:46:42.824 [info] > git rev-parse --show-toplevel [0ms]
2024-03-17 03:46:42.829 [info] > git rev-parse --show-toplevel [0ms]
2024-03-17 03:46:42.832 [info] > git rev-parse --show-toplevel [0ms]
2024-03-17 03:46:42.836 [info] > git rev-parse --show-toplevel [0ms]
2024-03-17 03:46:42.840 [info] > git rev-parse --show-toplevel [0ms]
2024-03-17 03:46:42.844 [info] > git rev-parse --show-toplevel [1ms]
2024-03-17 03:46:43.098 [info] > git check-ignore -v -z --stdin [1ms]
2024-03-17 03:46:44.928 [info] > git config --get commit.template [4ms]
2024-03-17 03:46:44.929 [info] > git for-each-ref --format=%(refname)%00%(upstream:short)%00%(objectname)%00%(upstream:track)%00%(upstream:remotename)%00%(upstream:remoteref) refs/heads/main refs/remotes/main [1ms]
2024-03-17 03:46:44.946 [info] > git status -z -uall [14ms]
2024-03-17 03:46:46.400 [info] > git check-ignore -v -z --stdin [1ms]
2024-03-17 03:46:48.911 [info] > git check-ignore -v -z --stdin [1ms]
2024-03-17 03:46:49.961 [info] > git config --get commit.template [4ms]
2024-03-17 03:46:49.962 [info] > git for-each-ref --format=%(refname)%00%(upstream:short)%00%(objectname)%00%(upstream:track)%00%(upstream:remotename)%00%(upstream:remoteref) refs/heads/main refs/remotes/main [1ms]
2024-03-17 03:46:49.979 [info] > git status -z -uall [14ms]
2024-03-17 03:46:51.842 [info] > git show --textconv :waybar/config [4ms]
2024-03-17 03:46:51.843 [info] > git ls-files --stage -- /home/gf-hypr/.config/waybar/config [1ms]
2024-03-17 03:46:54.257 [info] > git show --textconv :waybar/style.css [5ms]
2024-03-17 03:46:54.257 [info] > git ls-files --stage -- /home/gf-hypr/.config/waybar/style.css [1ms]
2024-03-17 03:46:54.993 [info] > git config --get commit.template [5ms]
2024-03-17 03:46:54.993 [info] > git for-each-ref --format=%(refname)%00%(upstream:short)%00%(objectname)%00%(upstream:track)%00%(upstream:remotename)%00%(upstream:remoteref) refs/heads/main refs/remotes/main [1ms]
2024-03-17 03:46:55.010 [info] > git status -z -uall [13ms]
2024-03-17 03:47:00.025 [info] > git config --get commit.template [4ms]
2024-03-17 03:47:00.025 [info] > git for-each-ref --format=%(refname)%00%(upstream:short)%00%(objectname)%00%(upstream:track)%00%(upstream:remotename)%00%(upstream:remoteref) refs/heads/main refs/remotes/main [0ms]
2024-03-17 03:47:00.044 [info] > git status -z -uall [15ms]
2024-03-17 03:47:06.358 [info] > git config --get commit.template [4ms]
2024-03-17 03:47:06.358 [info] > git for-each-ref --format=%(refname)%00%(upstream:short)%00%(objectname)%00%(upstream:track)%00%(upstream:remotename)%00%(upstream:remoteref) refs/heads/main refs/remotes/main [1ms]
2024-03-17 03:47:06.376 [info] > git status -z -uall [14ms]
2024-03-17 03:47:11.391 [info] > git config --get commit.template [4ms]
2024-03-17 03:47:11.391 [info] > git for-each-ref --format=%(refname)%00%(upstream:short)%00%(objectname)%00%(upstream:track)%00%(upstream:remotename)%00%(upstream:remoteref) refs/heads/main refs/remotes/main [1ms]
2024-03-17 03:47:11.408 [info] > git status -z -uall [13ms]
2024-03-17 03:47:16.425 [info] > git config --get commit.template [4ms]
2024-03-17 03:47:16.425 [info] > git for-each-ref --format=%(refname)%00%(upstream:short)%00%(objectname)%00%(upstream:track)%00%(upstream:remotename)%00%(upstream:remoteref) refs/heads/main refs/remotes/main [0ms]
2024-03-17 03:47:16.443 [info] > git status -z -uall [14ms]
2024-03-17 03:47:21.457 [info] > git config --get commit.template [4ms]
2024-03-17 03:47:21.458 [info] > git for-each-ref --format=%(refname)%00%(upstream:short)%00%(objectname)%00%(upstream:track)%00%(upstream:remotename)%00%(upstream:remoteref) refs/heads/main refs/remotes/main [1ms]
2024-03-17 03:47:21.475 [info] > git status -z -uall [14ms]
2024-03-17 03:47:26.489 [info] > git config --get commit.template [4ms]
2024-03-17 03:47:26.490 [info] > git for-each-ref --format=%(refname)%00%(upstream:short)%00%(objectname)%00%(upstream:track)%00%(upstream:remotename)%00%(upstream:remoteref) refs/heads/main refs/remotes/main [1ms]
2024-03-17 03:47:26.507 [info] > git status -z -uall [14ms]
2024-03-17 03:47:31.522 [info] > git config --get commit.template [5ms]
2024-03-17 03:47:31.522 [info] > git for-each-ref --format=%(refname)%00%(upstream:short)%00%(objectname)%00%(upstream:track)%00%(upstream:remotename)%00%(upstream:remoteref) refs/heads/main refs/remotes/main [0ms]
2024-03-17 03:47:31.540 [info] > git status -z -uall [14ms]
2024-03-17 03:47:36.553 [info] > git config --get commit.template [4ms]
2024-03-17 03:47:36.554 [info] > git for-each-ref --format=%(refname)%00%(upstream:short)%00%(objectname)%00%(upstream:track)%00%(upstream:remotename)%00%(upstream:remoteref) refs/heads/main refs/remotes/main [1ms]
2024-03-17 03:47:36.571 [info] > git status -z -uall [14ms]
2024-03-17 03:47:41.586 [info] > git config --get commit.template [4ms]
2024-03-17 03:47:41.586 [info] > git for-each-ref --format=%(refname)%00%(upstream:short)%00%(objectname)%00%(upstream:track)%00%(upstream:remotename)%00%(upstream:remoteref) refs/heads/main refs/remotes/main [1ms]
2024-03-17 03:47:41.603 [info] > git status -z -uall [14ms]
2024-03-17 03:47:46.618 [info] > git config --get commit.template [4ms]
2024-03-17 03:47:46.618 [info] > git for-each-ref --format=%(refname)%00%(upstream:short)%00%(objectname)%00%(upstream:track)%00%(upstream:remotename)%00%(upstream:remoteref) refs/heads/main refs/remotes/main [0ms]
2024-03-17 03:47:46.636 [info] > git status -z -uall [14ms]
2024-03-17 03:47:51.652 [info] > git config --get commit.template [4ms]
2024-03-17 03:47:51.652 [info] > git for-each-ref --format=%(refname)%00%(upstream:short)%00%(objectname)%00%(upstream:track)%00%(upstream:remotename)%00%(upstream:remoteref) refs/heads/main refs/remotes/main [0ms]
2024-03-17 03:47:51.670 [info] > git status -z -uall [13ms]
2024-03-17 03:47:56.685 [info] > git config --get commit.template [4ms]
2024-03-17 03:47:56.685 [info] > git for-each-ref --format=%(refname)%00%(upstream:short)%00%(objectname)%00%(upstream:track)%00%(upstream:remotename)%00%(upstream:remoteref) refs/heads/main refs/remotes/main [1ms]
2024-03-17 03:47:56.702 [info] > git status -z -uall [13ms]
2024-03-17 03:48:01.718 [info] > git config --get commit.template [4ms]
2024-03-17 03:48:01.718 [info] > git for-each-ref --format=%(refname)%00%(upstream:short)%00%(objectname)%00%(upstream:track)%00%(upstream:remotename)%00%(upstream:remoteref) refs/heads/main refs/remotes/main [1ms]
2024-03-17 03:48:01.735 [info] > git status -z -uall [13ms]
2024-03-17 03:48:06.750 [info] > git config --get commit.template [4ms]
2024-03-17 03:48:06.751 [info] > git for-each-ref --format=%(refname)%00%(upstream:short)%00%(objectname)%00%(upstream:track)%00%(upstream:remotename)%00%(upstream:remoteref) refs/heads/main refs/remotes/main [1ms]
2024-03-17 03:48:06.768 [info] > git status -z -uall [13ms]
2024-03-17 03:48:11.781 [info] > git config --get commit.template [4ms]
2024-03-17 03:48:11.782 [info] > git for-each-ref --format=%(refname)%00%(upstream:short)%00%(objectname)%00%(upstream:track)%00%(upstream:remotename)%00%(upstream:remoteref) refs/heads/main refs/remotes/main [1ms]
2024-03-17 03:48:11.799 [info] > git status -z -uall [13ms]
2024-03-17 03:48:16.813 [info] > git config --get commit.template [4ms]
2024-03-17 03:48:16.813 [info] > git for-each-ref --format=%(refname)%00%(upstream:short)%00%(objectname)%00%(upstream:track)%00%(upstream:remotename)%00%(upstream:remoteref) refs/heads/main refs/remotes/main [1ms]
2024-03-17 03:48:16.831 [info] > git status -z -uall [14ms]
2024-03-17 03:48:22.448 [info] > git config --get commit.template [4ms]
2024-03-17 03:48:22.448 [info] > git for-each-ref --format=%(refname)%00%(upstream:short)%00%(objectname)%00%(upstream:track)%00%(upstream:remotename)%00%(upstream:remoteref) refs/heads/main refs/remotes/main [0ms]
2024-03-17 03:48:22.466 [info] > git status -z -uall [14ms]
2024-03-17 03:48:27.482 [info] > git config --get commit.template [5ms]
2024-03-17 03:48:27.482 [info] > git for-each-ref --format=%(refname)%00%(upstream:short)%00%(objectname)%00%(upstream:track)%00%(upstream:remotename)%00%(upstream:remoteref) refs/heads/main refs/remotes/main [1ms]
2024-03-17 03:48:27.499 [info] > git status -z -uall [13ms]
2024-03-17 03:48:32.514 [info] > git config --get commit.template [4ms]
2024-03-17 03:48:32.514 [info] > git for-each-ref --format=%(refname)%00%(upstream:short)%00%(objectname)%00%(upstream:track)%00%(upstream:remotename)%00%(upstream:remoteref) refs/heads/main refs/remotes/main [1ms]
2024-03-17 03:48:32.532 [info] > git status -z -uall [14ms]
2024-03-17 03:48:37.547 [info] > git config --get commit.template [5ms]
2024-03-17 03:48:37.547 [info] > git for-each-ref --format=%(refname)%00%(upstream:short)%00%(objectname)%00%(upstream:track)%00%(upstream:remotename)%00%(upstream:remoteref) refs/heads/main refs/remotes/main [1ms]
2024-03-17 03:48:37.565 [info] > git status -z -uall [14ms]
2024-03-17 03:48:42.579 [info] > git config --get commit.template [4ms]
2024-03-17 03:48:42.579 [info] > git for-each-ref --format=%(refname)%00%(upstream:short)%00%(objectname)%00%(upstream:track)%00%(upstream:remotename)%00%(upstream:remoteref) refs/heads/main refs/remotes/main [1ms]
2024-03-17 03:48:42.597 [info] > git status -z -uall [14ms]
2024-03-17 03:48:47.611 [info] > git config --get commit.template [4ms]
2024-03-17 03:48:47.612 [info] > git for-each-ref --format=%(refname)%00%(upstream:short)%00%(objectname)%00%(upstream:track)%00%(upstream:remotename)%00%(upstream:remoteref) refs/heads/main refs/remotes/main [1ms]
2024-03-17 03:48:47.629 [info] > git status -z -uall [14ms]
2024-03-17 03:48:52.644 [info] > git config --get commit.template [4ms]
2024-03-17 03:48:52.644 [info] > git for-each-ref --format=%(refname)%00%(upstream:short)%00%(objectname)%00%(upstream:track)%00%(upstream:remotename)%00%(upstream:remoteref) refs/heads/main refs/remotes/main [1ms]
2024-03-17 03:48:52.662 [info] > git status -z -uall [14ms]
2024-03-17 03:48:57.676 [info] > git config --get commit.template [5ms]
2024-03-17 03:48:57.676 [info] > git for-each-ref --format=%(refname)%00%(upstream:short)%00%(objectname)%00%(upstream:track)%00%(upstream:remotename)%00%(upstream:remoteref) refs/heads/main refs/remotes/main [0ms]
2024-03-17 03:48:57.694 [info] > git status -z -uall [14ms]
2024-03-17 03:49:02.708 [info] > git config --get commit.template [4ms]
2024-03-17 03:49:02.708 [info] > git for-each-ref --format=%(refname)%00%(upstream:short)%00%(objectname)%00%(upstream:track)%00%(upstream:remotename)%00%(upstream:remoteref) refs/heads/main refs/remotes/main [0ms]
2024-03-17 03:49:02.726 [info] > git status -z -uall [14ms]
2024-03-17 03:49:07.740 [info] > git config --get commit.template [4ms]
2024-03-17 03:49:07.741 [info] > git for-each-ref --format=%(refname)%00%(upstream:short)%00%(objectname)%00%(upstream:track)%00%(upstream:remotename)%00%(upstream:remoteref) refs/heads/main refs/remotes/main [1ms]
2024-03-17 03:49:07.758 [info] > git status -z -uall [14ms]
2024-03-17 03:49:12.773 [info] > git config --get commit.template [4ms]
2024-03-17 03:49:12.773 [info] > git for-each-ref --format=%(refname)%00%(upstream:short)%00%(objectname)%00%(upstream:track)%00%(upstream:remotename)%00%(upstream:remoteref) refs/heads/main refs/remotes/main [0ms]
2024-03-17 03:49:12.791 [info] > git status -z -uall [14ms]
2024-03-17 03:49:17.804 [info] > git config --get commit.template [4ms]
2024-03-17 03:49:17.805 [info] > git for-each-ref --format=%(refname)%00%(upstream:short)%00%(objectname)%00%(upstream:track)%00%(upstream:remotename)%00%(upstream:remoteref) refs/heads/main refs/remotes/main [1ms]
2024-03-17 03:49:17.822 [info] > git status -z -uall [14ms]
2024-03-17 03:49:22.836 [info] > git config --get commit.template [4ms]
2024-03-17 03:49:22.837 [info] > git for-each-ref --format=%(refname)%00%(upstream:short)%00%(objectname)%00%(upstream:track)%00%(upstream:remotename)%00%(upstream:remoteref) refs/heads/main refs/remotes/main [1ms]
2024-03-17 03:49:22.855 [info] > git status -z -uall [14ms]
2024-03-17 03:49:27.870 [info] > git config --get commit.template [4ms]
2024-03-17 03:49:27.870 [info] > git for-each-ref --format=%(refname)%00%(upstream:short)%00%(objectname)%00%(upstream:track)%00%(upstream:remotename)%00%(upstream:remoteref) refs/heads/main refs/remotes/main [1ms]
2024-03-17 03:49:27.887 [info] > git status -z -uall [14ms]
2024-03-17 03:49:32.901 [info] > git config --get commit.template [4ms]
2024-03-17 03:49:32.902 [info] > git for-each-ref --format=%(refname)%00%(upstream:short)%00%(objectname)%00%(upstream:track)%00%(upstream:remotename)%00%(upstream:remoteref) refs/heads/main refs/remotes/main [1ms]
2024-03-17 03:49:32.919 [info] > git status -z -uall [14ms]
2024-03-17 03:49:37.933 [info] > git config --get commit.template [5ms]
2024-03-17 03:49:37.933 [info] > git for-each-ref --format=%(refname)%00%(upstream:short)%00%(objectname)%00%(upstream:track)%00%(upstream:remotename)%00%(upstream:remoteref) refs/heads/main refs/remotes/main [0ms]
2024-03-17 03:49:37.951 [info] > git status -z -uall [14ms]
2024-03-17 03:49:42.966 [info] > git config --get commit.template [4ms]
2024-03-17 03:49:42.967 [info] > git for-each-ref --format=%(refname)%00%(upstream:short)%00%(objectname)%00%(upstream:track)%00%(upstream:remotename)%00%(upstream:remoteref) refs/heads/main refs/remotes/main [1ms]
2024-03-17 03:49:42.984 [info] > git status -z -uall [13ms]
2024-03-17 03:49:47.999 [info] > git config --get commit.template [4ms]
2024-03-17 03:49:47.999 [info] > git for-each-ref --format=%(refname)%00%(upstream:short)%00%(objectname)%00%(upstream:track)%00%(upstream:remotename)%00%(upstream:remoteref) refs/heads/main refs/remotes/main [0ms]
2024-03-17 03:49:48.017 [info] > git status -z -uall [14ms]
2024-03-17 03:49:53.028 [info] > git config --get commit.template [1ms]
2024-03-17 03:49:53.033 [info] > git for-each-ref --format=%(refname)%00%(upstream:short)%00%(objectname)%00%(upstream:track)%00%(upstream:remotename)%00%(upstream:remoteref) refs/heads/main refs/remotes/main [1ms]
2024-03-17 03:49:53.050 [info] > git status -z -uall [13ms]
2024-03-17 03:49:58.064 [info] > git config --get commit.template [5ms]
2024-03-17 03:49:58.064 [info] > git for-each-ref --format=%(refname)%00%(upstream:short)%00%(objectname)%00%(upstream:track)%00%(upstream:remotename)%00%(upstream:remoteref) refs/heads/main refs/remotes/main [1ms]
2024-03-17 03:49:58.081 [info] > git status -z -uall [13ms]
2024-03-17 03:50:03.095 [info] > git config --get commit.template [4ms]
2024-03-17 03:50:03.095 [info] > git for-each-ref --format=%(refname)%00%(upstream:short)%00%(objectname)%00%(upstream:track)%00%(upstream:remotename)%00%(upstream:remoteref) refs/heads/main refs/remotes/main [1ms]
2024-03-17 03:50:03.112 [info] > git status -z -uall [13ms]
2024-03-17 03:50:08.127 [info] > git config --get commit.template [4ms]
2024-03-17 03:50:08.127 [info] > git for-each-ref --format=%(refname)%00%(upstream:short)%00%(objectname)%00%(upstream:track)%00%(upstream:remotename)%00%(upstream:remoteref) refs/heads/main refs/remotes/main [1ms]
2024-03-17 03:50:08.144 [info] > git status -z -uall [13ms]
2024-03-17 03:50:13.158 [info] > git config --get commit.template [4ms]
2024-03-17 03:50:13.159 [info] > git for-each-ref --format=%(refname)%00%(upstream:short)%00%(objectname)%00%(upstream:track)%00%(upstream:remotename)%00%(upstream:remoteref) refs/heads/main refs/remotes/main [1ms]
2024-03-17 03:50:13.176 [info] > git status -z -uall [13ms]
2024-03-17 03:50:18.190 [info] > git config --get commit.template [4ms]
2024-03-17 03:50:18.191 [info] > git for-each-ref --format=%(refname)%00%(upstream:short)%00%(objectname)%00%(upstream:track)%00%(upstream:remotename)%00%(upstream:remoteref) refs/heads/main refs/remotes/main [1ms]
2024-03-17 03:50:18.208 [info] > git status -z -uall [14ms]
2024-03-17 03:50:23.222 [info] > git config --get commit.template [4ms]
2024-03-17 03:50:23.223 [info] > git for-each-ref --format=%(refname)%00%(upstream:short)%00%(objectname)%00%(upstream:track)%00%(upstream:remotename)%00%(upstream:remoteref) refs/heads/main refs/remotes/main [1ms]
2024-03-17 03:50:23.240 [info] > git status -z -uall [14ms]
2024-03-17 03:50:28.254 [info] > git config --get commit.template [4ms]
2024-03-17 03:50:28.255 [info] > git for-each-ref --format=%(refname)%00%(upstream:short)%00%(objectname)%00%(upstream:track)%00%(upstream:remotename)%00%(upstream:remoteref) refs/heads/main refs/remotes/main [1ms]
2024-03-17 03:50:28.272 [info] > git status -z -uall [14ms]
2024-03-17 03:50:33.287 [info] > git config --get commit.template [4ms]
2024-03-17 03:50:33.288 [info] > git for-each-ref --format=%(refname)%00%(upstream:short)%00%(objectname)%00%(upstream:track)%00%(upstream:remotename)%00%(upstream:remoteref) refs/heads/main refs/remotes/main [1ms]
2024-03-17 03:50:33.305 [info] > git status -z -uall [13ms]
2024-03-17 03:50:41.952 [info] > git config --get commit.template [5ms]
2024-03-17 03:50:41.952 [info] > git for-each-ref --format=%(refname)%00%(upstream:short)%00%(objectname)%00%(upstream:track)%00%(upstream:remotename)%00%(upstream:remoteref) refs/heads/main refs/remotes/main [1ms]
2024-03-17 03:50:41.970 [info] > git status -z -uall [14ms]
2024-03-17 03:50:46.985 [info] > git config --get commit.template [4ms]
2024-03-17 03:50:46.985 [info] > git for-each-ref --format=%(refname)%00%(upstream:short)%00%(objectname)%00%(upstream:track)%00%(upstream:remotename)%00%(upstream:remoteref) refs/heads/main refs/remotes/main [1ms]
2024-03-17 03:50:47.002 [info] > git status -z -uall [13ms]
2024-03-17 03:50:52.017 [info] > git config --get commit.template [4ms]
2024-03-17 03:50:52.017 [info] > git for-each-ref --format=%(refname)%00%(upstream:short)%00%(objectname)%00%(upstream:track)%00%(upstream:remotename)%00%(upstream:remoteref) refs/heads/main refs/remotes/main [1ms]
2024-03-17 03:50:52.034 [info] > git status -z -uall [13ms]
2024-03-17 03:50:57.049 [info] > git config --get commit.template [5ms]
2024-03-17 03:50:57.049 [info] > git for-each-ref --format=%(refname)%00%(upstream:short)%00%(objectname)%00%(upstream:track)%00%(upstream:remotename)%00%(upstream:remoteref) refs/heads/main refs/remotes/main [1ms]
2024-03-17 03:50:57.066 [info] > git status -z -uall [13ms]
2024-03-17 03:51:02.080 [info] > git config --get commit.template [4ms]
2024-03-17 03:51:02.080 [info] > git for-each-ref --format=%(refname)%00%(upstream:short)%00%(objectname)%00%(upstream:track)%00%(upstream:remotename)%00%(upstream:remoteref) refs/heads/main refs/remotes/main [0ms]
2024-03-17 03:51:02.097 [info] > git status -z -uall [13ms]
2024-03-17 03:51:07.112 [info] > git config --get commit.template [4ms]
2024-03-17 03:51:07.112 [info] > git for-each-ref --format=%(refname)%00%(upstream:short)%00%(objectname)%00%(upstream:track)%00%(upstream:remotename)%00%(upstream:remoteref) refs/heads/main refs/remotes/main [0ms]
2024-03-17 03:51:07.130 [info] > git status -z -uall [14ms]
2024-03-17 03:51:12.143 [info] > git config --get commit.template [4ms]
2024-03-17 03:51:12.144 [info] > git for-each-ref --format=%(refname)%00%(upstream:short)%00%(objectname)%00%(upstream:track)%00%(upstream:remotename)%00%(upstream:remoteref) refs/heads/main refs/remotes/main [1ms]
2024-03-17 03:51:12.161 [info] > git status -z -uall [14ms]
2024-03-17 03:51:17.177 [info] > git config --get commit.template [5ms]
2024-03-17 03:51:17.177 [info] > git for-each-ref --format=%(refname)%00%(upstream:short)%00%(objectname)%00%(upstream:track)%00%(upstream:remotename)%00%(upstream:remoteref) refs/heads/main refs/remotes/main [1ms]
2024-03-17 03:51:17.194 [info] > git status -z -uall [13ms]
2024-03-17 03:51:22.209 [info] > git config --get commit.template [4ms]
2024-03-17 03:51:22.210 [info] > git for-each-ref --format=%(refname)%00%(upstream:short)%00%(objectname)%00%(upstream:track)%00%(upstream:remotename)%00%(upstream:remoteref) refs/heads/main refs/remotes/main [1ms]
2024-03-17 03:51:22.227 [info] > git status -z -uall [13ms]
2024-03-17 03:51:27.241 [info] > git config --get commit.template [4ms]
2024-03-17 03:51:27.242 [info] > git for-each-ref --format=%(refname)%00%(upstream:short)%00%(objectname)%00%(upstream:track)%00%(upstream:remotename)%00%(upstream:remoteref) refs/heads/main refs/remotes/main [1ms]
2024-03-17 03:51:27.259 [info] > git status -z -uall [14ms]
2024-03-17 03:51:40.409 [info] > git config --get commit.template [5ms]
2024-03-17 03:51:40.410 [info] > git for-each-ref --format=%(refname)%00%(upstream:short)%00%(objectname)%00%(upstream:track)%00%(upstream:remotename)%00%(upstream:remoteref) refs/heads/main refs/remotes/main [1ms]
2024-03-17 03:51:40.428 [info] > git status -z -uall [14ms]
2024-03-17 03:51:45.444 [info] > git config --get commit.template [4ms]
2024-03-17 03:51:45.444 [info] > git for-each-ref --format=%(refname)%00%(upstream:short)%00%(objectname)%00%(upstream:track)%00%(upstream:remotename)%00%(upstream:remoteref) refs/heads/main refs/remotes/main [1ms]
2024-03-17 03:51:45.461 [info] > git status -z -uall [13ms]
2024-03-17 03:51:50.477 [info] > git config --get commit.template [4ms]
2024-03-17 03:51:50.478 [info] > git for-each-ref --format=%(refname)%00%(upstream:short)%00%(objectname)%00%(upstream:track)%00%(upstream:remotename)%00%(upstream:remoteref) refs/heads/main refs/remotes/main [1ms]
2024-03-17 03:51:50.495 [info] > git status -z -uall [14ms]
2024-03-17 03:51:55.510 [info] > git config --get commit.template [5ms]
2024-03-17 03:51:55.510 [info] > git for-each-ref --format=%(refname)%00%(upstream:short)%00%(objectname)%00%(upstream:track)%00%(upstream:remotename)%00%(upstream:remoteref) refs/heads/main refs/remotes/main [0ms]
2024-03-17 03:51:55.528 [info] > git status -z -uall [14ms]
2024-03-17 03:52:00.543 [info] > git config --get commit.template [4ms]
2024-03-17 03:52:00.543 [info] > git for-each-ref --format=%(refname)%00%(upstream:short)%00%(objectname)%00%(upstream:track)%00%(upstream:remotename)%00%(upstream:remoteref) refs/heads/main refs/remotes/main [0ms]
2024-03-17 03:52:00.561 [info] > git status -z -uall [14ms]
2024-03-17 03:52:05.576 [info] > git config --get commit.template [4ms]
2024-03-17 03:52:05.576 [info] > git for-each-ref --format=%(refname)%00%(upstream:short)%00%(objectname)%00%(upstream:track)%00%(upstream:remotename)%00%(upstream:remoteref) refs/heads/main refs/remotes/main [1ms]
2024-03-17 03:52:05.593 [info] > git status -z -uall [13ms]
2024-03-17 03:52:10.608 [info] > git config --get commit.template [4ms]
2024-03-17 03:52:10.608 [info] > git for-each-ref --format=%(refname)%00%(upstream:short)%00%(objectname)%00%(upstream:track)%00%(upstream:remotename)%00%(upstream:remoteref) refs/heads/main refs/remotes/main [0ms]
2024-03-17 03:52:10.626 [info] > git status -z -uall [13ms]
2024-03-17 03:52:15.640 [info] > git config --get commit.template [4ms]
2024-03-17 03:52:15.641 [info] > git for-each-ref --format=%(refname)%00%(upstream:short)%00%(objectname)%00%(upstream:track)%00%(upstream:remotename)%00%(upstream:remoteref) refs/heads/main refs/remotes/main [1ms]
2024-03-17 03:52:15.658 [info] > git status -z -uall [13ms]
2024-03-17 03:52:20.671 [info] > git config --get commit.template [4ms]
2024-03-17 03:52:20.672 [info] > git for-each-ref --format=%(refname)%00%(upstream:short)%00%(objectname)%00%(upstream:track)%00%(upstream:remotename)%00%(upstream:remoteref) refs/heads/main refs/remotes/main [1ms]
2024-03-17 03:52:20.689 [info] > git status -z -uall [13ms]
2024-03-17 03:52:25.703 [info] > git config --get commit.template [4ms]
2024-03-17 03:52:25.704 [info] > git for-each-ref --format=%(refname)%00%(upstream:short)%00%(objectname)%00%(upstream:track)%00%(upstream:remotename)%00%(upstream:remoteref) refs/heads/main refs/remotes/main [1ms]
2024-03-17 03:52:25.721 [info] > git status -z -uall [14ms]
2024-03-17 03:52:30.736 [info] > git config --get commit.template [4ms]
2024-03-17 03:52:30.736 [info] > git for-each-ref --format=%(refname)%00%(upstream:short)%00%(objectname)%00%(upstream:track)%00%(upstream:remotename)%00%(upstream:remoteref) refs/heads/main refs/remotes/main [1ms]
2024-03-17 03:52:30.753 [info] > git status -z -uall [13ms]
2024-03-17 03:52:35.768 [info] > git config --get commit.template [4ms]
2024-03-17 03:52:35.769 [info] > git for-each-ref --format=%(refname)%00%(upstream:short)%00%(objectname)%00%(upstream:track)%00%(upstream:remotename)%00%(upstream:remoteref) refs/heads/main refs/remotes/main [1ms]
2024-03-17 03:52:35.787 [info] > git status -z -uall [14ms]
2024-03-17 03:52:40.801 [info] > git config --get commit.template [4ms]
2024-03-17 03:52:40.801 [info] > git for-each-ref --format=%(refname)%00%(upstream:short)%00%(objectname)%00%(upstream:track)%00%(upstream:remotename)%00%(upstream:remoteref) refs/heads/main refs/remotes/main [1ms]
2024-03-17 03:52:40.818 [info] > git status -z -uall [13ms]
2024-03-17 03:52:45.832 [info] > git config --get commit.template [4ms]
2024-03-17 03:52:45.832 [info] > git for-each-ref --format=%(refname)%00%(upstream:short)%00%(objectname)%00%(upstream:track)%00%(upstream:remotename)%00%(upstream:remoteref) refs/heads/main refs/remotes/main [1ms]
2024-03-17 03:52:45.850 [info] > git status -z -uall [14ms]
2024-03-17 03:52:52.057 [info] > git config --get commit.template [4ms]
2024-03-17 03:52:52.058 [info] > git for-each-ref --format=%(refname)%00%(upstream:short)%00%(objectname)%00%(upstream:track)%00%(upstream:remotename)%00%(upstream:remoteref) refs/heads/main refs/remotes/main [1ms]
2024-03-17 03:52:52.075 [info] > git status -z -uall [13ms]
2024-03-17 03:52:57.092 [info] > git config --get commit.template [4ms]
2024-03-17 03:52:57.092 [info] > git for-each-ref --format=%(refname)%00%(upstream:short)%00%(objectname)%00%(upstream:track)%00%(upstream:remotename)%00%(upstream:remoteref) refs/heads/main refs/remotes/main [1ms]
2024-03-17 03:52:57.110 [info] > git status -z -uall [14ms]
2024-03-17 03:53:02.124 [info] > git config --get commit.template [5ms]
2024-03-17 03:53:02.124 [info] > git for-each-ref --format=%(refname)%00%(upstream:short)%00%(objectname)%00%(upstream:track)%00%(upstream:remotename)%00%(upstream:remoteref) refs/heads/main refs/remotes/main [1ms]
2024-03-17 03:53:02.142 [info] > git status -z -uall [14ms]
2024-03-17 03:53:07.156 [info] > git config --get commit.template [4ms]
2024-03-17 03:53:07.156 [info] > git for-each-ref --format=%(refname)%00%(upstream:short)%00%(objectname)%00%(upstream:track)%00%(upstream:remotename)%00%(upstream:remoteref) refs/heads/main refs/remotes/main [1ms]
2024-03-17 03:53:07.174 [info] > git status -z -uall [14ms]
2024-03-17 03:53:12.189 [info] > git config --get commit.template [4ms]
2024-03-17 03:53:12.189 [info] > git for-each-ref --format=%(refname)%00%(upstream:short)%00%(objectname)%00%(upstream:track)%00%(upstream:remotename)%00%(upstream:remoteref) refs/heads/main refs/remotes/main [1ms]
2024-03-17 03:53:12.206 [info] > git status -z -uall [13ms]
2024-03-17 03:53:17.220 [info] > git config --get commit.template [4ms]
2024-03-17 03:53:17.221 [info] > git for-each-ref --format=%(refname)%00%(upstream:short)%00%(objectname)%00%(upstream:track)%00%(upstream:remotename)%00%(upstream:remoteref) refs/heads/main refs/remotes/main [1ms]
2024-03-17 03:53:17.238 [info] > git status -z -uall [14ms]
2024-03-17 03:53:22.253 [info] > git config --get commit.template [5ms]
2024-03-17 03:53:22.253 [info] > git for-each-ref --format=%(refname)%00%(upstream:short)%00%(objectname)%00%(upstream:track)%00%(upstream:remotename)%00%(upstream:remoteref) refs/heads/main refs/remotes/main [1ms]
2024-03-17 03:53:22.270 [info] > git status -z -uall [13ms]
2024-03-17 03:53:33.494 [info] > git config --get commit.template [4ms]
2024-03-17 03:53:33.494 [info] > git for-each-ref --format=%(refname)%00%(upstream:short)%00%(objectname)%00%(upstream:track)%00%(upstream:remotename)%00%(upstream:remoteref) refs/heads/main refs/remotes/main [1ms]
2024-03-17 03:53:33.512 [info] > git status -z -uall [14ms]
2024-03-17 03:53:38.529 [info] > git config --get commit.template [4ms]
2024-03-17 03:53:38.529 [info] > git for-each-ref --format=%(refname)%00%(upstream:short)%00%(objectname)%00%(upstream:track)%00%(upstream:remotename)%00%(upstream:remoteref) refs/heads/main refs/remotes/main [0ms]
2024-03-17 03:53:38.546 [info] > git status -z -uall [13ms]
2024-03-17 03:53:43.560 [info] > git config --get commit.template [4ms]
2024-03-17 03:53:43.560 [info] > git for-each-ref --format=%(refname)%00%(upstream:short)%00%(objectname)%00%(upstream:track)%00%(upstream:remotename)%00%(upstream:remoteref) refs/heads/main refs/remotes/main [0ms]
2024-03-17 03:53:43.578 [info] > git status -z -uall [14ms]
2024-03-17 03:53:48.593 [info] > git config --get commit.template [4ms]
2024-03-17 03:53:48.594 [info] > git for-each-ref --format=%(refname)%00%(upstream:short)%00%(objectname)%00%(upstream:track)%00%(upstream:remotename)%00%(upstream:remoteref) refs/heads/main refs/remotes/main [1ms]
2024-03-17 03:53:48.611 [info] > git status -z -uall [14ms]
2024-03-17 03:53:53.625 [info] > git config --get commit.template [4ms]
2024-03-17 03:53:53.625 [info] > git for-each-ref --format=%(refname)%00%(upstream:short)%00%(objectname)%00%(upstream:track)%00%(upstream:remotename)%00%(upstream:remoteref) refs/heads/main refs/remotes/main [1ms]
2024-03-17 03:53:53.643 [info] > git status -z -uall [13ms]
2024-03-17 03:53:58.657 [info] > git config --get commit.template [4ms]
2024-03-17 03:53:58.657 [info] > git for-each-ref --format=%(refname)%00%(upstream:short)%00%(objectname)%00%(upstream:track)%00%(upstream:remotename)%00%(upstream:remoteref) refs/heads/main refs/remotes/main [0ms]
2024-03-17 03:53:58.675 [info] > git status -z -uall [14ms]
2024-03-17 03:54:03.689 [info] > git config --get commit.template [4ms]
2024-03-17 03:54:03.690 [info] > git for-each-ref --format=%(refname)%00%(upstream:short)%00%(objectname)%00%(upstream:track)%00%(upstream:remotename)%00%(upstream:remoteref) refs/heads/main refs/remotes/main [1ms]
2024-03-17 03:54:03.707 [info] > git status -z -uall [13ms]
2024-03-17 03:54:08.722 [info] > git config --get commit.template [4ms]
2024-03-17 03:54:08.722 [info] > git for-each-ref --format=%(refname)%00%(upstream:short)%00%(objectname)%00%(upstream:track)%00%(upstream:remotename)%00%(upstream:remoteref) refs/heads/main refs/remotes/main [0ms]
2024-03-17 03:54:08.740 [info] > git status -z -uall [14ms]
2024-03-17 03:54:13.754 [info] > git config --get commit.template [4ms]
2024-03-17 03:54:13.754 [info] > git for-each-ref --format=%(refname)%00%(upstream:short)%00%(objectname)%00%(upstream:track)%00%(upstream:remotename)%00%(upstream:remoteref) refs/heads/main refs/remotes/main [1ms]
2024-03-17 03:54:13.771 [info] > git status -z -uall [13ms]
2024-03-17 03:54:22.452 [info] > git config --get commit.template [4ms]
2024-03-17 03:54:22.453 [info] > git for-each-ref --format=%(refname)%00%(upstream:short)%00%(objectname)%00%(upstream:track)%00%(upstream:remotename)%00%(upstream:remoteref) refs/heads/main refs/remotes/main [1ms]
2024-03-17 03:54:22.471 [info] > git status -z -uall [14ms]
2024-03-17 03:54:27.487 [info] > git config --get commit.template [4ms]
2024-03-17 03:54:27.487 [info] > git for-each-ref --format=%(refname)%00%(upstream:short)%00%(objectname)%00%(upstream:track)%00%(upstream:remotename)%00%(upstream:remoteref) refs/heads/main refs/remotes/main [0ms]
2024-03-17 03:54:27.505 [info] > git status -z -uall [14ms]
2024-03-17 03:54:32.519 [info] > git config --get commit.template [4ms]
2024-03-17 03:54:32.519 [info] > git for-each-ref --format=%(refname)%00%(upstream:short)%00%(objectname)%00%(upstream:track)%00%(upstream:remotename)%00%(upstream:remoteref) refs/heads/main refs/remotes/main [0ms]
2024-03-17 03:54:32.537 [info] > git status -z -uall [14ms]
2024-03-17 03:54:39.538 [info] > git config --get commit.template [4ms]
2024-03-17 03:54:39.538 [info] > git for-each-ref --format=%(refname)%00%(upstream:short)%00%(objectname)%00%(upstream:track)%00%(upstream:remotename)%00%(upstream:remoteref) refs/heads/main refs/remotes/main [1ms]
2024-03-17 03:54:39.556 [info] > git status -z -uall [14ms]
2024-03-17 03:54:44.570 [info] > git config --get commit.template [4ms]
2024-03-17 03:54:44.571 [info] > git for-each-ref --format=%(refname)%00%(upstream:short)%00%(objectname)%00%(upstream:track)%00%(upstream:remotename)%00%(upstream:remoteref) refs/heads/main refs/remotes/main [1ms]
2024-03-17 03:54:44.588 [info] > git status -z -uall [14ms]
2024-03-17 03:54:49.602 [info] > git config --get commit.template [4ms]
2024-03-17 03:54:49.603 [info] > git for-each-ref --format=%(refname)%00%(upstream:short)%00%(objectname)%00%(upstream:track)%00%(upstream:remotename)%00%(upstream:remoteref) refs/heads/main refs/remotes/main [1ms]
2024-03-17 03:54:49.621 [info] > git status -z -uall [15ms]
2024-03-17 03:54:54.635 [info] > git config --get commit.template [4ms]
2024-03-17 03:54:54.635 [info] > git for-each-ref --format=%(refname)%00%(upstream:short)%00%(objectname)%00%(upstream:track)%00%(upstream:remotename)%00%(upstream:remoteref) refs/heads/main refs/remotes/main [1ms]
2024-03-17 03:54:54.652 [info] > git status -z -uall [13ms]
2024-03-17 03:55:08.467 [info] > git config --get commit.template [5ms]
2024-03-17 03:55:08.467 [info] > git for-each-ref --format=%(refname)%00%(upstream:short)%00%(objectname)%00%(upstream:track)%00%(upstream:remotename)%00%(upstream:remoteref) refs/heads/main refs/remotes/main [1ms]
2024-03-17 03:55:08.485 [info] > git status -z -uall [14ms]
2024-03-17 03:55:22.066 [info] > git config --get commit.template [1ms]
2024-03-17 03:55:22.071 [info] > git for-each-ref --format=%(refname)%00%(upstream:short)%00%(objectname)%00%(upstream:track)%00%(upstream:remotename)%00%(upstream:remoteref) refs/heads/main refs/remotes/main [1ms]
2024-03-17 03:55:22.089 [info] > git status -z -uall [15ms]
2024-03-17 03:55:27.106 [info] > git for-each-ref --format=%(refname)%00%(upstream:short)%00%(objectname)%00%(upstream:track)%00%(upstream:remotename)%00%(upstream:remoteref) refs/heads/main refs/remotes/main [1ms]
2024-03-17 03:55:27.106 [info] > git config --get commit.template [4ms]
2024-03-17 03:55:27.124 [info] > git status -z -uall [14ms]
2024-03-17 03:55:32.138 [info] > git config --get commit.template [4ms]
2024-03-17 03:55:32.139 [info] > git for-each-ref --format=%(refname)%00%(upstream:short)%00%(objectname)%00%(upstream:track)%00%(upstream:remotename)%00%(upstream:remoteref) refs/heads/main refs/remotes/main [0ms]
2024-03-17 03:55:32.156 [info] > git status -z -uall [14ms]
2024-03-17 03:55:37.170 [info] > git config --get commit.template [4ms]
2024-03-17 03:55:37.171 [info] > git for-each-ref --format=%(refname)%00%(upstream:short)%00%(objectname)%00%(upstream:track)%00%(upstream:remotename)%00%(upstream:remoteref) refs/heads/main refs/remotes/main [1ms]
2024-03-17 03:55:37.188 [info] > git status -z -uall [13ms]
2024-03-17 03:55:42.203 [info] > git config --get commit.template [4ms]
2024-03-17 03:55:42.204 [info] > git for-each-ref --format=%(refname)%00%(upstream:short)%00%(objectname)%00%(upstream:track)%00%(upstream:remotename)%00%(upstream:remoteref) refs/heads/main refs/remotes/main [1ms]
2024-03-17 03:55:42.221 [info] > git status -z -uall [14ms]
2024-03-17 03:55:47.235 [info] > git config --get commit.template [4ms]
2024-03-17 03:55:47.235 [info] > git for-each-ref --format=%(refname)%00%(upstream:short)%00%(objectname)%00%(upstream:track)%00%(upstream:remotename)%00%(upstream:remoteref) refs/heads/main refs/remotes/main [1ms]
2024-03-17 03:55:47.253 [info] > git status -z -uall [14ms]
2024-03-17 03:55:55.875 [info] > git config --get commit.template [4ms]
2024-03-17 03:55:55.875 [info] > git for-each-ref --format=%(refname)%00%(upstream:short)%00%(objectname)%00%(upstream:track)%00%(upstream:remotename)%00%(upstream:remoteref) refs/heads/main refs/remotes/main [0ms]
2024-03-17 03:55:55.893 [info] > git status -z -uall [14ms]
2024-03-17 03:56:00.907 [info] > git config --get commit.template [4ms]
2024-03-17 03:56:00.907 [info] > git for-each-ref --format=%(refname)%00%(upstream:short)%00%(objectname)%00%(upstream:track)%00%(upstream:remotename)%00%(upstream:remoteref) refs/heads/main refs/remotes/main [1ms]
2024-03-17 03:56:00.926 [info] > git status -z -uall [15ms]
2024-03-17 03:56:06.477 [info] > git config --get commit.template [5ms]
2024-03-17 03:56:06.478 [info] > git for-each-ref --format=%(refname)%00%(upstream:short)%00%(objectname)%00%(upstream:track)%00%(upstream:remotename)%00%(upstream:remoteref) refs/heads/main refs/remotes/main [1ms]
2024-03-17 03:56:06.498 [info] > git status -z -uall [15ms]
2024-03-17 03:56:11.512 [info] > git config --get commit.template [4ms]
2024-03-17 03:56:11.512 [info] > git for-each-ref --format=%(refname)%00%(upstream:short)%00%(objectname)%00%(upstream:track)%00%(upstream:remotename)%00%(upstream:remoteref) refs/heads/main refs/remotes/main [1ms]
2024-03-17 03:56:11.530 [info] > git status -z -uall [14ms]
2024-03-17 03:56:16.546 [info] > git config --get commit.template [4ms]
2024-03-17 03:56:16.546 [info] > git for-each-ref --format=%(refname)%00%(upstream:short)%00%(objectname)%00%(upstream:track)%00%(upstream:remotename)%00%(upstream:remoteref) refs/heads/main refs/remotes/main [0ms]
2024-03-17 03:56:16.564 [info] > git status -z -uall [14ms]
2024-03-17 03:56:21.578 [info] > git config --get commit.template [4ms]
2024-03-17 03:56:21.579 [info] > git for-each-ref --format=%(refname)%00%(upstream:short)%00%(objectname)%00%(upstream:track)%00%(upstream:remotename)%00%(upstream:remoteref) refs/heads/main refs/remotes/main [1ms]
2024-03-17 03:56:21.596 [info] > git status -z -uall [14ms]
2024-03-17 03:56:35.004 [info] > git config --get commit.template [4ms]
2024-03-17 03:56:35.005 [info] > git for-each-ref --format=%(refname)%00%(upstream:short)%00%(objectname)%00%(upstream:track)%00%(upstream:remotename)%00%(upstream:remoteref) refs/heads/main refs/remotes/main [1ms]
2024-03-17 03:56:35.027 [info] > git status -z -uall [18ms]
2024-03-17 03:56:40.041 [info] > git config --get commit.template [4ms]
2024-03-17 03:56:40.042 [info] > git for-each-ref --format=%(refname)%00%(upstream:short)%00%(objectname)%00%(upstream:track)%00%(upstream:remotename)%00%(upstream:remoteref) refs/heads/main refs/remotes/main [1ms]
2024-03-17 03:56:40.059 [info] > git status -z -uall [14ms]
2024-03-17 03:56:45.075 [info] > git config --get commit.template [4ms]
2024-03-17 03:56:45.076 [info] > git for-each-ref --format=%(refname)%00%(upstream:short)%00%(objectname)%00%(upstream:track)%00%(upstream:remotename)%00%(upstream:remoteref) refs/heads/main refs/remotes/main [1ms]
2024-03-17 03:56:45.093 [info] > git status -z -uall [14ms]
2024-03-17 03:56:50.107 [info] > git config --get commit.template [5ms]
2024-03-17 03:56:50.107 [info] > git for-each-ref --format=%(refname)%00%(upstream:short)%00%(objectname)%00%(upstream:track)%00%(upstream:remotename)%00%(upstream:remoteref) refs/heads/main refs/remotes/main [1ms]
2024-03-17 03:56:50.125 [info] > git status -z -uall [14ms]
2024-03-17 03:56:55.140 [info] > git config --get commit.template [4ms]
2024-03-17 03:56:55.140 [info] > git for-each-ref --format=%(refname)%00%(upstream:short)%00%(objectname)%00%(upstream:track)%00%(upstream:remotename)%00%(upstream:remoteref) refs/heads/main refs/remotes/main [0ms]
2024-03-17 03:56:55.158 [info] > git status -z -uall [14ms]
2024-03-17 03:57:00.172 [info] > git config --get commit.template [4ms]
2024-03-17 03:57:00.173 [info] > git for-each-ref --format=%(refname)%00%(upstream:short)%00%(objectname)%00%(upstream:track)%00%(upstream:remotename)%00%(upstream:remoteref) refs/heads/main refs/remotes/main [1ms]
2024-03-17 03:57:00.190 [info] > git status -z -uall [14ms]
2024-03-17 03:57:05.206 [info] > git config --get commit.template [4ms]
2024-03-17 03:57:05.206 [info] > git for-each-ref --format=%(refname)%00%(upstream:short)%00%(objectname)%00%(upstream:track)%00%(upstream:remotename)%00%(upstream:remoteref) refs/heads/main refs/remotes/main [1ms]
2024-03-17 03:57:05.223 [info] > git status -z -uall [14ms]
2024-03-17 03:57:10.237 [info] > git config --get commit.template [4ms]
2024-03-17 03:57:10.237 [info] > git for-each-ref --format=%(refname)%00%(upstream:short)%00%(objectname)%00%(upstream:track)%00%(upstream:remotename)%00%(upstream:remoteref) refs/heads/main refs/remotes/main [0ms]
2024-03-17 03:57:10.255 [info] > git status -z -uall [14ms]
2024-03-17 03:57:15.269 [info] > git config --get commit.template [4ms]
2024-03-17 03:57:15.269 [info] > git for-each-ref --format=%(refname)%00%(upstream:short)%00%(objectname)%00%(upstream:track)%00%(upstream:remotename)%00%(upstream:remoteref) refs/heads/main refs/remotes/main [0ms]
2024-03-17 03:57:15.287 [info] > git status -z -uall [14ms]
2024-03-17 03:57:20.300 [info] > git config --get commit.template [4ms]
2024-03-17 03:57:20.301 [info] > git for-each-ref --format=%(refname)%00%(upstream:short)%00%(objectname)%00%(upstream:track)%00%(upstream:remotename)%00%(upstream:remoteref) refs/heads/main refs/remotes/main [1ms]
2024-03-17 03:57:20.318 [info] > git status -z -uall [14ms]
2024-03-17 03:57:50.300 [info] > git config --get commit.template [5ms]
2024-03-17 03:57:50.300 [info] > git for-each-ref --format=%(refname)%00%(upstream:short)%00%(objectname)%00%(upstream:track)%00%(upstream:remotename)%00%(upstream:remoteref) refs/heads/main refs/remotes/main [0ms]
2024-03-17 03:57:50.318 [info] > git status -z -uall [14ms]
2024-03-17 03:57:51.010 [info] > git show --textconv :waybar/config [4ms]
2024-03-17 03:57:51.011 [info] > git ls-files --stage -- /home/gf-hypr/.config/waybar/config [1ms]
2024-03-17 03:57:55.334 [info] > git config --get commit.template [4ms]
2024-03-17 03:57:55.334 [info] > git for-each-ref --format=%(refname)%00%(upstream:short)%00%(objectname)%00%(upstream:track)%00%(upstream:remotename)%00%(upstream:remoteref) refs/heads/main refs/remotes/main [0ms]
2024-03-17 03:57:55.352 [info] > git status -z -uall [14ms]
2024-03-17 03:58:00.369 [info] > git config --get commit.template [5ms]
2024-03-17 03:58:00.369 [info] > git for-each-ref --format=%(refname)%00%(upstream:short)%00%(objectname)%00%(upstream:track)%00%(upstream:remotename)%00%(upstream:remoteref) refs/heads/main refs/remotes/main [1ms]
2024-03-17 03:58:00.386 [info] > git status -z -uall [13ms]
2024-03-17 03:58:05.405 [info] > git config --get commit.template [5ms]
2024-03-17 03:58:05.405 [info] > git for-each-ref --format=%(refname)%00%(upstream:short)%00%(objectname)%00%(upstream:track)%00%(upstream:remotename)%00%(upstream:remoteref) refs/heads/main refs/remotes/main [1ms]
2024-03-17 03:58:05.422 [info] > git status -z -uall [13ms]
2024-03-17 03:58:10.439 [info] > git config --get commit.template [5ms]
2024-03-17 03:58:10.439 [info] > git for-each-ref --format=%(refname)%00%(upstream:short)%00%(objectname)%00%(upstream:track)%00%(upstream:remotename)%00%(upstream:remoteref) refs/heads/main refs/remotes/main [1ms]
2024-03-17 03:58:10.456 [info] > git status -z -uall [13ms]
2024-03-17 03:58:15.476 [info] > git config --get commit.template [4ms]
2024-03-17 03:58:15.476 [info] > git for-each-ref --format=%(refname)%00%(upstream:short)%00%(objectname)%00%(upstream:track)%00%(upstream:remotename)%00%(upstream:remoteref) refs/heads/main refs/remotes/main [1ms]
2024-03-17 03:58:15.493 [info] > git status -z -uall [14ms]
2024-03-17 03:58:20.511 [info] > git config --get commit.template [4ms]
2024-03-17 03:58:20.512 [info] > git for-each-ref --format=%(refname)%00%(upstream:short)%00%(objectname)%00%(upstream:track)%00%(upstream:remotename)%00%(upstream:remoteref) refs/heads/main refs/remotes/main [1ms]
2024-03-17 03:58:20.529 [info] > git status -z -uall [14ms]
2024-03-17 03:58:25.543 [info] > git config --get commit.template [4ms]
2024-03-17 03:58:25.544 [info] > git for-each-ref --format=%(refname)%00%(upstream:short)%00%(objectname)%00%(upstream:track)%00%(upstream:remotename)%00%(upstream:remoteref) refs/heads/main refs/remotes/main [1ms]
2024-03-17 03:58:25.561 [info] > git status -z -uall [13ms]
2024-03-17 03:58:30.579 [info] > git config --get commit.template [4ms]
2024-03-17 03:58:30.580 [info] > git for-each-ref --format=%(refname)%00%(upstream:short)%00%(objectname)%00%(upstream:track)%00%(upstream:remotename)%00%(upstream:remoteref) refs/heads/main refs/remotes/main [1ms]
2024-03-17 03:58:30.597 [info] > git status -z -uall [14ms]
2024-03-17 03:58:35.612 [info] > git config --get commit.template [5ms]
2024-03-17 03:58:35.612 [info] > git for-each-ref --format=%(refname)%00%(upstream:short)%00%(objectname)%00%(upstream:track)%00%(upstream:remotename)%00%(upstream:remoteref) refs/heads/main refs/remotes/main [1ms]
2024-03-17 03:58:35.629 [info] > git status -z -uall [13ms]
2024-03-17 03:58:40.649 [info] > git config --get commit.template [5ms]
2024-03-17 03:58:40.649 [info] > git for-each-ref --format=%(refname)%00%(upstream:short)%00%(objectname)%00%(upstream:track)%00%(upstream:remotename)%00%(upstream:remoteref) refs/heads/main refs/remotes/main [1ms]
2024-03-17 03:58:40.667 [info] > git status -z -uall [14ms]
2024-03-17 03:58:45.680 [info] > git config --get commit.template [4ms]
2024-03-17 03:58:45.681 [info] > git for-each-ref --format=%(refname)%00%(upstream:short)%00%(objectname)%00%(upstream:track)%00%(upstream:remotename)%00%(upstream:remoteref) refs/heads/main refs/remotes/main [1ms]
2024-03-17 03:58:45.698 [info] > git status -z -uall [13ms]
2024-03-17 03:58:54.095 [info] > git config --get commit.template [7ms]
2024-03-17 03:58:54.096 [info] > git for-each-ref --format=%(refname)%00%(upstream:short)%00%(objectname)%00%(upstream:track)%00%(upstream:remotename)%00%(upstream:remoteref) refs/heads/main refs/remotes/main [2ms]
2024-03-17 03:58:54.114 [info] > git status -z -uall [14ms]
2024-03-17 03:58:59.131 [info] > git config --get commit.template [4ms]
2024-03-17 03:58:59.132 [info] > git for-each-ref --format=%(refname)%00%(upstream:short)%00%(objectname)%00%(upstream:track)%00%(upstream:remotename)%00%(upstream:remoteref) refs/heads/main refs/remotes/main [1ms]
2024-03-17 03:58:59.150 [info] > git status -z -uall [14ms]
2024-03-17 03:59:04.167 [info] > git config --get commit.template [3ms]
2024-03-17 03:59:04.168 [info] > git for-each-ref --format=%(refname)%00%(upstream:short)%00%(objectname)%00%(upstream:track)%00%(upstream:remotename)%00%(upstream:remoteref) refs/heads/main refs/remotes/main [1ms]
2024-03-17 03:59:04.185 [info] > git status -z -uall [14ms]
2024-03-17 03:59:09.204 [info] > git config --get commit.template [4ms]
2024-03-17 03:59:09.205 [info] > git for-each-ref --format=%(refname)%00%(upstream:short)%00%(objectname)%00%(upstream:track)%00%(upstream:remotename)%00%(upstream:remoteref) refs/heads/main refs/remotes/main [1ms]
2024-03-17 03:59:09.222 [info] > git status -z -uall [14ms]
2024-03-17 03:59:14.239 [info] > git config --get commit.template [4ms]
2024-03-17 03:59:14.239 [info] > git for-each-ref --format=%(refname)%00%(upstream:short)%00%(objectname)%00%(upstream:track)%00%(upstream:remotename)%00%(upstream:remoteref) refs/heads/main refs/remotes/main [0ms]
2024-03-17 03:59:14.257 [info] > git status -z -uall [14ms]
2024-03-17 03:59:19.275 [info] > git config --get commit.template [4ms]
2024-03-17 03:59:19.276 [info] > git for-each-ref --format=%(refname)%00%(upstream:short)%00%(objectname)%00%(upstream:track)%00%(upstream:remotename)%00%(upstream:remoteref) refs/heads/main refs/remotes/main [1ms]
2024-03-17 03:59:19.293 [info] > git status -z -uall [14ms]
2024-03-17 03:59:25.530 [info] > git config --get commit.template [4ms]
2024-03-17 03:59:25.530 [info] > git for-each-ref --format=%(refname)%00%(upstream:short)%00%(objectname)%00%(upstream:track)%00%(upstream:remotename)%00%(upstream:remoteref) refs/heads/main refs/remotes/main [1ms]
2024-03-17 03:59:25.551 [info] > git status -z -uall [17ms]
2024-03-17 03:59:40.694 [info] > git config --get commit.template [5ms]
2024-03-17 03:59:40.694 [info] > git for-each-ref --format=%(refname)%00%(upstream:short)%00%(objectname)%00%(upstream:track)%00%(upstream:remotename)%00%(upstream:remoteref) refs/heads/main refs/remotes/main [1ms]
2024-03-17 03:59:40.712 [info] > git status -z -uall [14ms]
2024-03-17 03:59:45.728 [info] > git config --get commit.template [4ms]
2024-03-17 03:59:45.728 [info] > git for-each-ref --format=%(refname)%00%(upstream:short)%00%(objectname)%00%(upstream:track)%00%(upstream:remotename)%00%(upstream:remoteref) refs/heads/main refs/remotes/main [1ms]
2024-03-17 03:59:45.745 [info] > git status -z -uall [13ms]
2024-03-17 03:59:50.760 [info] > git config --get commit.template [5ms]
2024-03-17 03:59:50.760 [info] > git for-each-ref --format=%(refname)%00%(upstream:short)%00%(objectname)%00%(upstream:track)%00%(upstream:remotename)%00%(upstream:remoteref) refs/heads/main refs/remotes/main [1ms]
2024-03-17 03:59:50.777 [info] > git status -z -uall [13ms]
2024-03-17 03:59:55.792 [info] > git config --get commit.template [4ms]
2024-03-17 03:59:55.793 [info] > git for-each-ref --format=%(refname)%00%(upstream:short)%00%(objectname)%00%(upstream:track)%00%(upstream:remotename)%00%(upstream:remoteref) refs/heads/main refs/remotes/main [1ms]
2024-03-17 03:59:55.810 [info] > git status -z -uall [14ms]
2024-03-17 04:00:13.829 [info] > git config --get commit.template [5ms]
2024-03-17 04:00:13.830 [info] > git for-each-ref --format=%(refname)%00%(upstream:short)%00%(objectname)%00%(upstream:track)%00%(upstream:remotename)%00%(upstream:remoteref) refs/heads/main refs/remotes/main [0ms]
2024-03-17 04:00:13.847 [info] > git status -z -uall [14ms]
2024-03-17 04:00:26.519 [info] > git config --get commit.template [5ms]
2024-03-17 04:00:26.519 [info] > git for-each-ref --format=%(refname)%00%(upstream:short)%00%(objectname)%00%(upstream:track)%00%(upstream:remotename)%00%(upstream:remoteref) refs/heads/main refs/remotes/main [1ms]
2024-03-17 04:00:26.538 [info] > git status -z -uall [13ms]
2024-03-17 04:01:07.537 [info] > git config --get commit.template [4ms]
2024-03-17 04:01:07.538 [info] > git for-each-ref --format=%(refname)%00%(upstream:short)%00%(objectname)%00%(upstream:track)%00%(upstream:remotename)%00%(upstream:remoteref) refs/heads/main refs/remotes/main [1ms]
2024-03-17 04:01:07.556 [info] > git status -z -uall [14ms]
2024-03-17 04:01:12.575 [info] > git config --get commit.template [5ms]
2024-03-17 04:01:12.575 [info] > git for-each-ref --format=%(refname)%00%(upstream:short)%00%(objectname)%00%(upstream:track)%00%(upstream:remotename)%00%(upstream:remoteref) refs/heads/main refs/remotes/main [1ms]
2024-03-17 04:01:12.592 [info] > git status -z -uall [13ms]
2024-03-17 04:01:17.608 [info] > git config --get commit.template [5ms]
2024-03-17 04:01:17.608 [info] > git for-each-ref --format=%(refname)%00%(upstream:short)%00%(objectname)%00%(upstream:track)%00%(upstream:remotename)%00%(upstream:remoteref) refs/heads/main refs/remotes/main [1ms]
2024-03-17 04:01:17.625 [info] > git status -z -uall [14ms]
2024-03-17 04:01:22.642 [info] > git config --get commit.template [4ms]
2024-03-17 04:01:22.642 [info] > git for-each-ref --format=%(refname)%00%(upstream:short)%00%(objectname)%00%(upstream:track)%00%(upstream:remotename)%00%(upstream:remoteref) refs/heads/main refs/remotes/main [1ms]
2024-03-17 04:01:22.660 [info] > git status -z -uall [14ms]
2024-03-17 04:01:27.680 [info] > git config --get commit.template [5ms]
2024-03-17 04:01:27.680 [info] > git for-each-ref --format=%(refname)%00%(upstream:short)%00%(objectname)%00%(upstream:track)%00%(upstream:remotename)%00%(upstream:remoteref) refs/heads/main refs/remotes/main [1ms]
2024-03-17 04:01:27.698 [info] > git status -z -uall [14ms]
2024-03-17 04:01:32.717 [info] > git config --get commit.template [5ms]
2024-03-17 04:01:32.717 [info] > git for-each-ref --format=%(refname)%00%(upstream:short)%00%(objectname)%00%(upstream:track)%00%(upstream:remotename)%00%(upstream:remoteref) refs/heads/main refs/remotes/main [1ms]
2024-03-17 04:01:32.734 [info] > git status -z -uall [13ms]
2024-03-17 04:01:37.755 [info] > git config --get commit.template [5ms]
2024-03-17 04:01:37.755 [info] > git for-each-ref --format=%(refname)%00%(upstream:short)%00%(objectname)%00%(upstream:track)%00%(upstream:remotename)%00%(upstream:remoteref) refs/heads/main refs/remotes/main [1ms]
2024-03-17 04:01:37.772 [info] > git status -z -uall [13ms]
2024-03-17 04:01:42.787 [info] > git config --get commit.template [3ms]
2024-03-17 04:01:42.787 [info] > git for-each-ref --format=%(refname)%00%(upstream:short)%00%(objectname)%00%(upstream:track)%00%(upstream:remotename)%00%(upstream:remoteref) refs/heads/main refs/remotes/main [1ms]
2024-03-17 04:01:42.804 [info] > git status -z -uall [13ms]
2024-03-17 04:01:47.823 [info] > git config --get commit.template [5ms]
2024-03-17 04:01:47.823 [info] > git for-each-ref --format=%(refname)%00%(upstream:short)%00%(objectname)%00%(upstream:track)%00%(upstream:remotename)%00%(upstream:remoteref) refs/heads/main refs/remotes/main [1ms]
2024-03-17 04:01:47.840 [info] > git status -z -uall [13ms]
2024-03-17 04:01:52.859 [info] > git config --get commit.template [4ms]
2024-03-17 04:01:52.860 [info] > git for-each-ref --format=%(refname)%00%(upstream:short)%00%(objectname)%00%(upstream:track)%00%(upstream:remotename)%00%(upstream:remoteref) refs/heads/main refs/remotes/main [1ms]
2024-03-17 04:01:52.877 [info] > git status -z -uall [14ms]
2024-03-17 04:01:57.895 [info] > git config --get commit.template [4ms]
2024-03-17 04:01:57.895 [info] > git for-each-ref --format=%(refname)%00%(upstream:short)%00%(objectname)%00%(upstream:track)%00%(upstream:remotename)%00%(upstream:remoteref) refs/heads/main refs/remotes/main [0ms]
2024-03-17 04:01:57.913 [info] > git status -z -uall [14ms]
2024-03-17 04:02:02.931 [info] > git config --get commit.template [4ms]
2024-03-17 04:02:02.932 [info] > git for-each-ref --format=%(refname)%00%(upstream:short)%00%(objectname)%00%(upstream:track)%00%(upstream:remotename)%00%(upstream:remoteref) refs/heads/main refs/remotes/main [1ms]
2024-03-17 04:02:02.949 [info] > git status -z -uall [14ms]
2024-03-17 04:02:07.966 [info] > git config --get commit.template [4ms]
2024-03-17 04:02:07.967 [info] > git for-each-ref --format=%(refname)%00%(upstream:short)%00%(objectname)%00%(upstream:track)%00%(upstream:remotename)%00%(upstream:remoteref) refs/heads/main refs/remotes/main [1ms]
2024-03-17 04:02:07.984 [info] > git status -z -uall [14ms]
2024-03-17 04:02:12.999 [info] > git config --get commit.template [4ms]
2024-03-17 04:02:13.000 [info] > git for-each-ref --format=%(refname)%00%(upstream:short)%00%(objectname)%00%(upstream:track)%00%(upstream:remotename)%00%(upstream:remoteref) refs/heads/main refs/remotes/main [1ms]
2024-03-17 04:02:13.017 [info] > git status -z -uall [14ms]
2024-03-17 04:02:18.034 [info] > git config --get commit.template [4ms]
2024-03-17 04:02:18.035 [info] > git for-each-ref --format=%(refname)%00%(upstream:short)%00%(objectname)%00%(upstream:track)%00%(upstream:remotename)%00%(upstream:remoteref) refs/heads/main refs/remotes/main [1ms]
2024-03-17 04:02:18.052 [info] > git status -z -uall [14ms]
2024-03-17 04:02:23.070 [info] > git config --get commit.template [4ms]
2024-03-17 04:02:23.071 [info] > git for-each-ref --format=%(refname)%00%(upstream:short)%00%(objectname)%00%(upstream:track)%00%(upstream:remotename)%00%(upstream:remoteref) refs/heads/main refs/remotes/main [1ms]
2024-03-17 04:02:23.088 [info] > git status -z -uall [14ms]
2024-03-17 04:02:28.107 [info] > git config --get commit.template [4ms]
2024-03-17 04:02:28.108 [info] > git for-each-ref --format=%(refname)%00%(upstream:short)%00%(objectname)%00%(upstream:track)%00%(upstream:remotename)%00%(upstream:remoteref) refs/heads/main refs/remotes/main [1ms]
2024-03-17 04:02:28.125 [info] > git status -z -uall [14ms]
2024-03-17 04:02:33.142 [info] > git config --get commit.template [4ms]
2024-03-17 04:02:33.142 [info] > git for-each-ref --format=%(refname)%00%(upstream:short)%00%(objectname)%00%(upstream:track)%00%(upstream:remotename)%00%(upstream:remoteref) refs/heads/main refs/remotes/main [1ms]
2024-03-17 04:02:33.159 [info] > git status -z -uall [13ms]
2024-03-17 04:02:48.399 [info] > git config --get commit.template [6ms]
2024-03-17 04:02:48.400 [info] > git for-each-ref --format=%(refname)%00%(upstream:short)%00%(objectname)%00%(upstream:track)%00%(upstream:remotename)%00%(upstream:remoteref) refs/heads/main refs/remotes/main [1ms]
2024-03-17 04:02:48.418 [info] > git status -z -uall [13ms]
2024-03-17 04:05:19.047 [info] > git config --get commit.template [6ms]
2024-03-17 04:05:19.047 [info] > git for-each-ref --format=%(refname)%00%(upstream:short)%00%(objectname)%00%(upstream:track)%00%(upstream:remotename)%00%(upstream:remoteref) refs/heads/main refs/remotes/main [0ms]
2024-03-17 04:05:19.068 [info] > git status -z -uall [15ms]
2024-03-17 04:05:27.100 [info] > git config --get commit.template [5ms]
2024-03-17 04:05:27.101 [info] > git for-each-ref --format=%(refname)%00%(upstream:short)%00%(objectname)%00%(upstream:track)%00%(upstream:remotename)%00%(upstream:remoteref) refs/heads/main refs/remotes/main [1ms]
2024-03-17 04:05:27.119 [info] > git status -z -uall [14ms]
