2024-01-06 18:26:40.221 [info] Log level: Info
2024-01-06 18:26:40.221 [info] Validating found git in: "git"
2024-01-06 18:26:40.221 [info] Using git "2.43.0" from "git"
2024-01-06 18:26:40.221 [info] > git rev-parse --show-toplevel [1ms]
2024-01-06 18:26:40.221 [info] > git rev-parse --git-dir --git-common-dir [1ms]
2024-01-06 18:26:40.227 [info] Open repository: /home/gf-hypr/Configuration
2024-01-06 18:26:40.237 [info] > git rev-parse --show-toplevel [1ms]
2024-01-06 18:26:40.238 [info] > git config --get commit.template [5ms]
2024-01-06 18:26:40.271 [info] > git rev-parse --git-dir --git-common-dir [15ms]
2024-01-06 18:26:40.273 [info] Open repository: /home/gf-hypr/Configuration/config
2024-01-06 18:26:40.282 [info] > git for-each-ref --format=%(refname)%00%(upstream:short)%00%(objectname)%00%(upstream:track)%00%(upstream:remotename)%00%(upstream:remoteref) refs/heads/master refs/remotes/master [12ms]
2024-01-06 18:26:40.287 [warning] ENOENT: no such file or directory, open '/home/gf-hypr/Configuration/.git/refs/remotes/origin/master'
2024-01-06 18:26:40.287 [info] > git rev-parse --show-toplevel [6ms]
2024-01-06 18:26:40.287 [info] > git config --get commit.template [10ms]
2024-01-06 18:26:40.293 [info] > git rev-parse refs/remotes/origin/master [6ms]
2024-01-06 18:26:40.303 [info] > git status -z -uall [6ms]
2024-01-06 18:26:40.303 [info] > git rev-parse --show-toplevel [10ms]
2024-01-06 18:26:40.308 [info] > git for-each-ref --format=%(refname)%00%(upstream:short)%00%(objectname)%00%(upstream:track)%00%(upstream:remotename)%00%(upstream:remoteref) refs/heads/main refs/remotes/main [6ms]
2024-01-06 18:26:40.316 [warning] ENOENT: no such file or directory, open '/home/gf-hypr/Configuration/config/.git/refs/remotes/origin/main'
2024-01-06 18:26:40.320 [info] > git rev-parse --show-toplevel [12ms]
2024-01-06 18:26:40.325 [info] > git config --get commit.template [5ms]
2024-01-06 18:26:40.325 [info] > git rev-parse refs/remotes/origin/main [9ms]
2024-01-06 18:26:40.330 [info] > git rev-parse --show-toplevel [5ms]
2024-01-06 18:26:40.365 [info] > git status -z -uall [36ms]
2024-01-06 18:26:40.365 [info] > git for-each-ref --format=%(refname)%00%(upstream:short)%00%(objectname)%00%(upstream:track)%00%(upstream:remotename)%00%(upstream:remoteref) refs/heads/master refs/remotes/master [31ms]
2024-01-06 18:26:40.370 [warning] ENOENT: no such file or directory, open '/home/gf-hypr/Configuration/.git/refs/remotes/origin/master'
2024-01-06 18:26:40.599 [info] > git rev-parse refs/remotes/origin/master [228ms]
2024-01-06 18:26:40.605 [info] > git config --get commit.template [7ms]
2024-01-06 18:26:40.607 [info] > git status -z -uall [4ms]
2024-01-06 18:26:40.616 [info] > git for-each-ref --format=%(refname)%00%(upstream:short)%00%(objectname)%00%(upstream:track)%00%(upstream:remotename)%00%(upstream:remoteref) refs/heads/main refs/remotes/main [3ms]
2024-01-06 18:26:40.622 [warning] ENOENT: no such file or directory, open '/home/gf-hypr/Configuration/config/.git/refs/remotes/origin/main'
2024-01-06 18:26:40.623 [info] > git rev-parse refs/remotes/origin/main [1ms]
2024-01-06 18:26:40.647 [info] > git show --textconv :10-ignores.sh [15ms]
2024-01-06 18:26:40.647 [info] > git show --textconv :99-unsorted.sh [6ms]
2024-01-06 18:26:40.647 [info] > git ls-files --stage -- /home/gf-hypr/Configuration/config/99-unsorted.sh [1ms]
2024-01-06 18:26:40.648 [info] > git ls-files --stage -- /home/gf-hypr/Configuration/config/10-ignores.sh [10ms]
2024-01-06 18:26:40.650 [info] > git status -z -uall [23ms]
2024-01-06 18:26:40.935 [info] > git check-ignore -v -z --stdin [5ms]
2024-01-06 18:26:40.935 [info] > git check-ignore -v -z --stdin [1ms]
2024-01-06 18:27:02.307 [info] > git config --get commit.template [0ms]
2024-01-06 18:27:02.307 [info] > git config --get commit.template [5ms]
2024-01-06 18:27:02.315 [info] > git for-each-ref --format=%(refname)%00%(upstream:short)%00%(objectname)%00%(upstream:track)%00%(upstream:remotename)%00%(upstream:remoteref) refs/heads/master refs/remotes/master [4ms]
2024-01-06 18:27:02.319 [warning] ENOENT: no such file or directory, open '/home/gf-hypr/Configuration/.git/refs/remotes/origin/master'
2024-01-06 18:27:02.319 [info] > git for-each-ref --format=%(refname)%00%(upstream:short)%00%(objectname)%00%(upstream:track)%00%(upstream:remotename)%00%(upstream:remoteref) refs/heads/main refs/remotes/main [5ms]
2024-01-06 18:27:02.323 [warning] ENOENT: no such file or directory, open '/home/gf-hypr/Configuration/config/.git/refs/remotes/origin/main'
2024-01-06 18:27:02.323 [info] > git rev-parse refs/remotes/origin/master [4ms]
2024-01-06 18:27:02.327 [info] > git rev-parse refs/remotes/origin/main [4ms]
2024-01-06 18:27:02.331 [info] > git status -z -uall [4ms]
2024-01-06 18:27:02.354 [info] > git status -z -uall [23ms]
2024-01-06 18:27:09.925 [info] > git config --get commit.template [4ms]
2024-01-06 18:27:09.933 [info] > git config --get commit.template [9ms]
2024-01-06 18:27:09.933 [info] > git for-each-ref --format=%(refname)%00%(upstream:short)%00%(objectname)%00%(upstream:track)%00%(upstream:remotename)%00%(upstream:remoteref) refs/heads/master refs/remotes/master [4ms]
2024-01-06 18:27:09.937 [warning] ENOENT: no such file or directory, open '/home/gf-hypr/Configuration/.git/refs/remotes/origin/master'
2024-01-06 18:27:09.937 [info] > git for-each-ref --format=%(refname)%00%(upstream:short)%00%(objectname)%00%(upstream:track)%00%(upstream:remotename)%00%(upstream:remoteref) refs/heads/main refs/remotes/main [4ms]
2024-01-06 18:27:09.941 [warning] ENOENT: no such file or directory, open '/home/gf-hypr/Configuration/config/.git/refs/remotes/origin/main'
2024-01-06 18:27:09.942 [info] > git rev-parse refs/remotes/origin/master [4ms]
2024-01-06 18:27:09.946 [info] > git rev-parse refs/remotes/origin/main [5ms]
2024-01-06 18:27:09.950 [info] > git status -z -uall [5ms]
2024-01-06 18:27:09.970 [info] > git status -z -uall [21ms]
2024-01-06 18:28:25.322 [info] > git config --get commit.template [3ms]
2024-01-06 18:28:25.322 [info] > git config --get commit.template [1ms]
2024-01-06 18:28:25.329 [info] > git for-each-ref --format=%(refname)%00%(upstream:short)%00%(objectname)%00%(upstream:track)%00%(upstream:remotename)%00%(upstream:remoteref) refs/heads/master refs/remotes/master [3ms]
2024-01-06 18:28:25.333 [warning] ENOENT: no such file or directory, open '/home/gf-hypr/Configuration/.git/refs/remotes/origin/master'
2024-01-06 18:28:25.333 [info] > git for-each-ref --format=%(refname)%00%(upstream:short)%00%(objectname)%00%(upstream:track)%00%(upstream:remotename)%00%(upstream:remoteref) refs/heads/main refs/remotes/main [4ms]
2024-01-06 18:28:25.337 [warning] ENOENT: no such file or directory, open '/home/gf-hypr/Configuration/config/.git/refs/remotes/origin/main'
2024-01-06 18:28:25.337 [info] > git rev-parse refs/remotes/origin/master [4ms]
2024-01-06 18:28:25.341 [info] > git rev-parse refs/remotes/origin/main [4ms]
2024-01-06 18:28:25.344 [info] > git status -z -uall [4ms]
2024-01-06 18:28:25.366 [info] > git status -z -uall [22ms]
2024-01-06 18:31:59.792 [info] > git config --get commit.template [4ms]
2024-01-06 18:31:59.793 [info] > git config --get commit.template [1ms]
2024-01-06 18:31:59.801 [info] > git for-each-ref --format=%(refname)%00%(upstream:short)%00%(objectname)%00%(upstream:track)%00%(upstream:remotename)%00%(upstream:remoteref) refs/heads/master refs/remotes/master [4ms]
2024-01-06 18:31:59.805 [warning] ENOENT: no such file or directory, open '/home/gf-hypr/Configuration/.git/refs/remotes/origin/master'
2024-01-06 18:31:59.805 [info] > git for-each-ref --format=%(refname)%00%(upstream:short)%00%(objectname)%00%(upstream:track)%00%(upstream:remotename)%00%(upstream:remoteref) refs/heads/main refs/remotes/main [4ms]
2024-01-06 18:31:59.809 [warning] ENOENT: no such file or directory, open '/home/gf-hypr/Configuration/config/.git/refs/remotes/origin/main'
2024-01-06 18:31:59.809 [info] > git rev-parse refs/remotes/origin/master [4ms]
2024-01-06 18:31:59.813 [info] > git rev-parse refs/remotes/origin/main [4ms]
2024-01-06 18:31:59.817 [info] > git status -z -uall [4ms]
2024-01-06 18:31:59.838 [info] > git status -z -uall [21ms]
2024-01-06 18:33:46.871 [info] > git config --get commit.template [4ms]
2024-01-06 18:33:46.879 [info] > git config --get commit.template [7ms]
2024-01-06 18:33:46.879 [info] > git for-each-ref --format=%(refname)%00%(upstream:short)%00%(objectname)%00%(upstream:track)%00%(upstream:remotename)%00%(upstream:remoteref) refs/heads/master refs/remotes/master [4ms]
2024-01-06 18:33:46.882 [warning] ENOENT: no such file or directory, open '/home/gf-hypr/Configuration/.git/refs/remotes/origin/master'
2024-01-06 18:33:46.883 [info] > git for-each-ref --format=%(refname)%00%(upstream:short)%00%(objectname)%00%(upstream:track)%00%(upstream:remotename)%00%(upstream:remoteref) refs/heads/main refs/remotes/main [4ms]
2024-01-06 18:33:46.886 [warning] ENOENT: no such file or directory, open '/home/gf-hypr/Configuration/config/.git/refs/remotes/origin/main'
2024-01-06 18:33:46.886 [info] > git rev-parse refs/remotes/origin/master [4ms]
2024-01-06 18:33:46.890 [info] > git rev-parse refs/remotes/origin/main [4ms]
2024-01-06 18:33:46.894 [info] > git status -z -uall [4ms]
2024-01-06 18:33:46.915 [info] > git status -z -uall [21ms]
2024-01-06 18:39:42.428 [info] > git check-ignore -v -z --stdin [1ms]
2024-01-06 18:45:43.550 [info] > git config --get commit.template [4ms]
2024-01-06 18:45:43.550 [info] > git for-each-ref --format=%(refname)%00%(upstream:short)%00%(objectname)%00%(upstream:track)%00%(upstream:remotename)%00%(upstream:remoteref) refs/heads/master refs/remotes/master [1ms]
2024-01-06 18:45:43.553 [warning] ENOENT: no such file or directory, open '/home/gf-hypr/Configuration/.git/refs/remotes/origin/master'
2024-01-06 18:45:43.554 [info] > git rev-parse refs/remotes/origin/master [1ms]
2024-01-06 18:45:43.559 [info] > git status -z -uall [2ms]
2024-01-06 18:45:44.653 [info] > git ls-files --stage -- /home/gf-hypr/Configuration/config/10-ignores.sh [4ms]
2024-01-06 18:45:44.654 [info] > git ls-files --stage -- /home/gf-hypr/Configuration/config/99-unsorted.sh [1ms]
2024-01-06 18:45:44.661 [info] > git show --textconv :10-ignores.sh [4ms]
2024-01-06 18:45:44.661 [info] > git show --textconv :99-unsorted.sh [0ms]
2024-01-06 18:49:46.634 [info] > git config --get commit.template [5ms]
2024-01-06 18:49:46.634 [info] > git config --get commit.template [0ms]
2024-01-06 18:49:46.641 [info] > git for-each-ref --format=%(refname)%00%(upstream:short)%00%(objectname)%00%(upstream:track)%00%(upstream:remotename)%00%(upstream:remoteref) refs/heads/master refs/remotes/master [4ms]
2024-01-06 18:49:46.645 [warning] ENOENT: no such file or directory, open '/home/gf-hypr/Configuration/.git/refs/remotes/origin/master'
2024-01-06 18:49:46.645 [info] > git for-each-ref --format=%(refname)%00%(upstream:short)%00%(objectname)%00%(upstream:track)%00%(upstream:remotename)%00%(upstream:remoteref) refs/heads/main refs/remotes/main [4ms]
2024-01-06 18:49:46.648 [warning] ENOENT: no such file or directory, open '/home/gf-hypr/Configuration/config/.git/refs/remotes/origin/main'
2024-01-06 18:49:46.649 [info] > git rev-parse refs/remotes/origin/master [3ms]
2024-01-06 18:49:46.652 [info] > git rev-parse refs/remotes/origin/main [4ms]
2024-01-06 18:49:46.655 [info] > git status -z -uall [3ms]
2024-01-06 18:49:46.676 [info] > git status -z -uall [21ms]
2024-01-06 18:50:21.703 [info] > git config --get commit.template [4ms]
2024-01-06 18:50:21.703 [info] > git config --get commit.template [1ms]
2024-01-06 18:50:21.711 [info] > git for-each-ref --format=%(refname)%00%(upstream:short)%00%(objectname)%00%(upstream:track)%00%(upstream:remotename)%00%(upstream:remoteref) refs/heads/master refs/remotes/master [3ms]
2024-01-06 18:50:21.714 [warning] ENOENT: no such file or directory, open '/home/gf-hypr/Configuration/.git/refs/remotes/origin/master'
2024-01-06 18:50:21.714 [info] > git for-each-ref --format=%(refname)%00%(upstream:short)%00%(objectname)%00%(upstream:track)%00%(upstream:remotename)%00%(upstream:remoteref) refs/heads/main refs/remotes/main [4ms]
2024-01-06 18:50:21.718 [warning] ENOENT: no such file or directory, open '/home/gf-hypr/Configuration/config/.git/refs/remotes/origin/main'
2024-01-06 18:50:21.718 [info] > git rev-parse refs/remotes/origin/master [4ms]
2024-01-06 18:50:21.722 [info] > git rev-parse refs/remotes/origin/main [4ms]
2024-01-06 18:50:21.726 [info] > git status -z -uall [4ms]
2024-01-06 18:50:21.747 [info] > git status -z -uall [22ms]
2024-01-06 18:50:47.377 [info] > git config --get commit.template [5ms]
2024-01-06 18:50:47.377 [info] > git for-each-ref --format=%(refname)%00%(upstream:short)%00%(objectname)%00%(upstream:track)%00%(upstream:remotename)%00%(upstream:remoteref) refs/heads/master refs/remotes/master [1ms]
2024-01-06 18:50:47.381 [warning] ENOENT: no such file or directory, open '/home/gf-hypr/Configuration/.git/refs/remotes/origin/master'
2024-01-06 18:50:47.382 [info] > git rev-parse refs/remotes/origin/master [1ms]
2024-01-06 18:50:47.388 [info] > git status -z -uall [2ms]
2024-01-06 18:50:53.346 [info] > git config --get commit.template [4ms]
2024-01-06 18:50:53.346 [info] > git for-each-ref --format=%(refname)%00%(upstream:short)%00%(objectname)%00%(upstream:track)%00%(upstream:remotename)%00%(upstream:remoteref) refs/heads/master refs/remotes/master [0ms]
2024-01-06 18:50:53.350 [warning] ENOENT: no such file or directory, open '/home/gf-hypr/Configuration/.git/refs/remotes/origin/master'
2024-01-06 18:50:53.350 [info] > git rev-parse refs/remotes/origin/master [0ms]
2024-01-06 18:50:53.357 [info] > git status -z -uall [3ms]
2024-01-06 18:50:58.369 [info] > git config --get commit.template [4ms]
2024-01-06 18:50:58.369 [info] > git for-each-ref --format=%(refname)%00%(upstream:short)%00%(objectname)%00%(upstream:track)%00%(upstream:remotename)%00%(upstream:remoteref) refs/heads/master refs/remotes/master [1ms]
2024-01-06 18:50:58.373 [warning] ENOENT: no such file or directory, open '/home/gf-hypr/Configuration/.git/refs/remotes/origin/master'
2024-01-06 18:50:58.374 [info] > git rev-parse refs/remotes/origin/master [1ms]
2024-01-06 18:50:58.380 [info] > git status -z -uall [2ms]
2024-01-06 18:51:03.392 [info] > git config --get commit.template [5ms]
2024-01-06 18:51:03.392 [info] > git for-each-ref --format=%(refname)%00%(upstream:short)%00%(objectname)%00%(upstream:track)%00%(upstream:remotename)%00%(upstream:remoteref) refs/heads/master refs/remotes/master [1ms]
2024-01-06 18:51:03.396 [warning] ENOENT: no such file or directory, open '/home/gf-hypr/Configuration/.git/refs/remotes/origin/master'
2024-01-06 18:51:03.396 [info] > git rev-parse refs/remotes/origin/master [0ms]
2024-01-06 18:51:03.402 [info] > git status -z -uall [2ms]
2024-01-06 18:51:08.419 [info] > git config --get commit.template [5ms]
2024-01-06 18:51:08.419 [info] > git for-each-ref --format=%(refname)%00%(upstream:short)%00%(objectname)%00%(upstream:track)%00%(upstream:remotename)%00%(upstream:remoteref) refs/heads/master refs/remotes/master [1ms]
2024-01-06 18:51:08.423 [warning] ENOENT: no such file or directory, open '/home/gf-hypr/Configuration/.git/refs/remotes/origin/master'
2024-01-06 18:51:08.423 [info] > git rev-parse refs/remotes/origin/master [0ms]
2024-01-06 18:51:08.429 [info] > git status -z -uall [2ms]
2024-01-06 18:52:30.963 [info] > git config --get commit.template [5ms]
2024-01-06 18:52:30.963 [info] > git config --get commit.template [1ms]
2024-01-06 18:52:30.971 [info] > git for-each-ref --format=%(refname)%00%(upstream:short)%00%(objectname)%00%(upstream:track)%00%(upstream:remotename)%00%(upstream:remoteref) refs/heads/master refs/remotes/master [4ms]
2024-01-06 18:52:30.975 [warning] ENOENT: no such file or directory, open '/home/gf-hypr/Configuration/.git/refs/remotes/origin/master'
2024-01-06 18:52:30.975 [info] > git for-each-ref --format=%(refname)%00%(upstream:short)%00%(objectname)%00%(upstream:track)%00%(upstream:remotename)%00%(upstream:remoteref) refs/heads/main refs/remotes/main [4ms]
2024-01-06 18:52:30.979 [warning] ENOENT: no such file or directory, open '/home/gf-hypr/Configuration/config/.git/refs/remotes/origin/main'
2024-01-06 18:52:30.979 [info] > git rev-parse refs/remotes/origin/master [4ms]
2024-01-06 18:52:30.983 [info] > git rev-parse refs/remotes/origin/main [4ms]
2024-01-06 18:52:30.987 [info] > git status -z -uall [4ms]
2024-01-06 18:52:31.007 [info] > git status -z -uall [20ms]
2024-01-06 18:52:49.376 [info] > git config --get commit.template [5ms]
2024-01-06 18:52:49.376 [info] > git for-each-ref --format=%(refname)%00%(upstream:short)%00%(objectname)%00%(upstream:track)%00%(upstream:remotename)%00%(upstream:remoteref) refs/heads/master refs/remotes/master [1ms]
2024-01-06 18:52:49.381 [warning] ENOENT: no such file or directory, open '/home/gf-hypr/Configuration/.git/refs/remotes/origin/master'
2024-01-06 18:52:49.381 [info] > git rev-parse refs/remotes/origin/master [0ms]
2024-01-06 18:52:49.387 [info] > git status -z -uall [2ms]
2024-01-06 18:52:54.398 [info] > git config --get commit.template [4ms]
2024-01-06 18:52:54.399 [info] > git for-each-ref --format=%(refname)%00%(upstream:short)%00%(objectname)%00%(upstream:track)%00%(upstream:remotename)%00%(upstream:remoteref) refs/heads/master refs/remotes/master [1ms]
2024-01-06 18:52:54.402 [warning] ENOENT: no such file or directory, open '/home/gf-hypr/Configuration/.git/refs/remotes/origin/master'
2024-01-06 18:52:54.403 [info] > git rev-parse refs/remotes/origin/master [1ms]
2024-01-06 18:52:54.409 [info] > git status -z -uall [2ms]
2024-01-06 18:52:59.420 [info] > git config --get commit.template [5ms]
2024-01-06 18:52:59.420 [info] > git for-each-ref --format=%(refname)%00%(upstream:short)%00%(objectname)%00%(upstream:track)%00%(upstream:remotename)%00%(upstream:remoteref) refs/heads/master refs/remotes/master [1ms]
2024-01-06 18:52:59.424 [warning] ENOENT: no such file or directory, open '/home/gf-hypr/Configuration/.git/refs/remotes/origin/master'
2024-01-06 18:52:59.425 [info] > git rev-parse refs/remotes/origin/master [1ms]
2024-01-06 18:52:59.430 [info] > git status -z -uall [2ms]
2024-01-06 18:53:04.442 [info] > git config --get commit.template [4ms]
2024-01-06 18:53:04.443 [info] > git for-each-ref --format=%(refname)%00%(upstream:short)%00%(objectname)%00%(upstream:track)%00%(upstream:remotename)%00%(upstream:remoteref) refs/heads/master refs/remotes/master [1ms]
2024-01-06 18:53:04.447 [warning] ENOENT: no such file or directory, open '/home/gf-hypr/Configuration/.git/refs/remotes/origin/master'
2024-01-06 18:53:04.447 [info] > git rev-parse refs/remotes/origin/master [0ms]
2024-01-06 18:53:04.454 [info] > git status -z -uall [3ms]
