2024-01-24 00:41:57 Loading main app package /usr/lib/obsidian/obsidian.asar
2024-01-24 00:41:57 Checking for update using Github
2024-01-24 00:41:57 Success.
2024-01-24 00:41:57 Latest version is 1.5.3
2024-01-24 00:41:57 App is up to date.
2024-01-24 00:53:05 Loading main app package /usr/lib/obsidian/obsidian.asar
2024-01-24 00:53:06 Checking for update using Github
2024-01-24 00:53:06 Success.
2024-01-24 00:53:06 Latest version is 1.5.3
2024-01-24 00:53:06 App is up to date.
2024-01-24 01:53:06 Checking for update using Github
2024-01-24 01:53:06 Success.
2024-01-24 01:53:06 Latest version is 1.5.3
2024-01-24 01:53:06 App is up to date.
2024-01-24 02:53:06 Checking for update using Github
2024-01-24 02:53:06 Success.
2024-01-24 02:53:06 Latest version is 1.5.3
2024-01-24 02:53:06 App is up to date.
2024-01-24 03:53:06 Checking for update using Github
2024-01-24 03:53:06 Success.
2024-01-24 03:53:06 Latest version is 1.5.3
2024-01-24 03:53:06 App is up to date.
2024-01-24 04:53:06 Checking for update using Github
2024-01-24 04:53:06 Success.
2024-01-24 04:53:06 Latest version is 1.5.3
2024-01-24 04:53:06 App is up to date.
2024-01-24 05:53:06 Checking for update using Github
2024-01-24 05:53:06 Success.
2024-01-24 05:53:06 Latest version is 1.5.3
2024-01-24 05:53:06 App is up to date.
2024-01-24 06:53:06 Checking for update using Github
2024-01-24 06:53:06 Success.
2024-01-24 06:53:06 Latest version is 1.5.3
2024-01-24 06:53:06 App is up to date.
2024-01-24 07:53:06 Checking for update using Github
2024-01-24 07:53:06 Success.
2024-01-24 07:53:06 Latest version is 1.5.3
2024-01-24 07:53:06 App is up to date.
2024-01-24 08:53:06 Checking for update using Github
2024-01-24 08:53:06 Success.
2024-01-24 08:53:06 Latest version is 1.5.3
2024-01-24 08:53:06 App is up to date.
2024-01-24 09:53:06 Checking for update using Github
2024-01-24 09:53:06 Success.
2024-01-24 09:53:06 Latest version is 1.5.3
2024-01-24 09:53:06 App is up to date.
2024-01-24 10:53:06 Checking for update using Github
2024-01-24 10:53:06 Success.
2024-01-24 10:53:06 Latest version is 1.5.3
2024-01-24 10:53:06 App is up to date.
2024-01-24 11:53:06 Checking for update using Github
2024-01-24 11:53:07 Success.
2024-01-24 11:53:07 Latest version is 1.5.3
2024-01-24 11:53:07 App is up to date.
2024-01-24 12:53:07 Checking for update using Github
2024-01-24 12:53:07 Success.
2024-01-24 12:53:07 Latest version is 1.5.3
2024-01-24 12:53:07 App is up to date.
2024-01-26 00:33:49 Loading main app package /usr/lib/obsidian/obsidian.asar
2024-01-26 00:33:49 Checking for update using Github
2024-01-26 00:33:49 Success.
2024-01-26 00:33:49 Latest version is 1.5.3
2024-01-26 00:33:49 App is up to date.
2024-01-26 01:07:39 Loading main app package /usr/lib/obsidian/obsidian.asar
2024-01-26 01:07:39 Checking for update using Github
2024-01-26 01:07:39 Success.
2024-01-26 01:07:39 Latest version is 1.5.3
2024-01-26 01:07:39 App is up to date.
2024-01-26 02:07:39 Checking for update using Github
2024-01-26 02:07:39 Success.
2024-01-26 02:07:39 Latest version is 1.5.3
2024-01-26 02:07:39 App is up to date.
2024-01-26 03:07:39 Checking for update using Github
2024-01-26 03:07:39 Success.
2024-01-26 03:07:39 Latest version is 1.5.3
2024-01-26 03:07:39 App is up to date.
2024-01-26 04:07:39 Checking for update using Github
2024-01-26 04:07:39 Success.
2024-01-26 04:07:39 Latest version is 1.5.3
2024-01-26 04:07:39 App is up to date.
2024-01-26 05:07:39 Checking for update using Github
2024-01-26 05:07:39 Success.
2024-01-26 05:07:39 Latest version is 1.5.3
2024-01-26 05:07:39 App is up to date.
2024-01-26 06:07:39 Checking for update using Github
2024-01-26 06:07:39 Success.
2024-01-26 06:07:39 Latest version is 1.5.3
2024-01-26 06:07:39 App is up to date.
2024-01-26 07:07:39 Checking for update using Github
2024-01-26 07:07:39 Success.
2024-01-26 07:07:39 Latest version is 1.5.3
2024-01-26 07:07:39 App is up to date.
2024-01-26 08:07:39 Checking for update using Github
2024-01-26 08:07:39 Success.
2024-01-26 08:07:39 Latest version is 1.5.3
2024-01-26 08:07:39 App is up to date.
2024-01-26 09:07:39 Checking for update using Github
2024-01-26 09:07:39 Success.
2024-01-26 09:07:39 Latest version is 1.5.3
2024-01-26 09:07:39 App is up to date.
2024-01-26 10:07:39 Checking for update using Github
2024-01-26 10:07:40 Success.
2024-01-26 10:07:40 Latest version is 1.5.3
2024-01-26 10:07:40 App is up to date.
2024-01-26 11:07:40 Checking for update using Github
2024-01-26 11:07:40 Success.
2024-01-26 11:07:40 Latest version is 1.5.3
2024-01-26 11:07:40 App is up to date.
2024-01-26 12:07:40 Checking for update using Github
2024-01-26 12:07:40 Success.
2024-01-26 12:07:40 Latest version is 1.5.3
2024-01-26 12:07:40 App is up to date.
